(19:55:12) INFO:    [Legendary]:       Running command: /opt/Heroic/resources/app.asar.unpacked/build/bin/linux/legendary --version
(19:55:12) INFO:    [Legendary]:       Legendary location: /opt/Heroic/resources/app.asar.unpacked/build/bin/linux/legendary
(19:55:12) INFO:    [Gog]:             GOGDL location: /opt/Heroic/resources/app.asar.unpacked/build/bin/linux/gogdl
(19:55:12) INFO:    [Backend]:         

Heroic Version: 2.4.3 Chopper
Legendary Version:  0.20.28 Dark Energy (hotfix #2)
OS: Arch KERNEL: 6.0.7-arch1-1 ARCH: x64
CPU: AMD Ryzen 7 5700U with Radeon Graphics @1.8 GOVERNOR: schedutil
RAM: Total: 14.98 GiB Available: 13.62 GiB
GRAPHICS: GPU0: Lucienne VRAM: 512MB DRIVER:  
PROTOCOL: tty

(19:55:12) WARNING: [Backend]:         Protocol already registered.
(19:55:13) INFO:    [Backend]:         AreWeAntiCheatYet data downloaded
(19:55:13) INFO:    [Backend]:         Checking for new Heroic Updates
(19:55:13) INFO:    [Frontend]:        Refreshing Library
(19:55:13) INFO:    [Legendary]:       Refreshing library...
(19:55:13) INFO:    [Legendary]:       Refreshing Epic Games...
(19:55:14) INFO:    [Legendary]:       Running command: /opt/Heroic/resources/app.asar.unpacked/build/bin/linux/legendary list
(19:55:16) INFO:    [DXVKInstaller]:   Updating vkd3d to: vkd3d-proton-2.7.tar.xz
(19:55:16) INFO:    [DXVKInstaller]:   Updating dxvk to: dxvk-2.0
(19:55:16) INFO:    [Legendary]:       Updating game list
(19:55:16) INFO:    [Legendary]:       Game List Updated
(19:55:17) INFO:    [Backend]:         Downloaded Winetricks
(19:55:17) INFO:    [Backend]:         Launching Rocket League速 (Sugar)
(19:55:17) INFO:    [Backend]:         Preventing display from sleep
(19:55:17) INFO:    [Legendary]:       Running command: /opt/Heroic/resources/app.asar.unpacked/build/bin/linux/legendary --version
(19:55:17) INFO:    [Legendary]:       Checking for game updates.
(19:55:17) INFO:    [Legendary]:       Running command: /opt/Heroic/resources/app.asar.unpacked/build/bin/linux/legendary list-installed --check-updates --tsv
(19:55:18) WARNING: [Backend]:         You are using Proton, this can lead to some bugs. Please do not open issues with bugs related to games
(19:55:18) WARNING: [Legendary]:       No Steam runtime found
(19:55:18) INFO:    [Legendary]:       Launching Rocket League速: LD_PRELOAD= STEAM_COMPAT_CLIENT_INSTALL_PATH=/home/berk/.steam/steam STEAM_COMPAT_DATA_PATH=/home/berk/Games/Heroic/Prefixes/rocketleague PROTON_NO_ESYNC=1 PROTON_NO_FSYNC=1 STEAM_COMPAT_APP_ID=0 SteamAppId=0 SteamGameId=heroic-rocketleague PROTON_LOG_DIR=/home/berk /opt/Heroic/resources/app.asar.unpacked/build/bin/linux/legendary launch Sugar --language en --no-wine --wrapper "'/home/berk/.local/share/Steam/steamapps/common/Proton 7.0/proton' run"
(19:55:19) INFO:    [Legendary]:       Found 1 game(s) to update
(19:55:19) INFO:    [Gog]:             Found 0 game(s) to update
(19:55:20) INFO:    [Backend]:         Stopping Display Power Saver Blocker
(19:55:20) INFO:    [Frontend]:        Refreshing Library
(19:55:20) INFO:    [Legendary]:       Refreshing library...
(19:55:20) INFO:    [Legendary]:       Updating game list
(19:55:20) INFO:    [Legendary]:       Game List Updated
(19:55:21) INFO:    [Legendary]:       Checking for game updates.
(19:55:21) INFO:    [Legendary]:       Running command: /opt/Heroic/resources/app.asar.unpacked/build/bin/linux/legendary list-installed --check-updates --tsv
(19:55:22) INFO:    [DXVKInstaller]:   downloaded vkd3d
(19:55:22) INFO:    [DXVKInstaller]:   extracting vkd3d
(19:55:22) INFO:    [DXVKInstaller]:   extracting vkd3d updated!
(19:55:23) INFO:    [Legendary]:       Found 1 game(s) to update
(19:55:31) INFO:    [DXVKInstaller]:   downloaded dxvk
(19:55:31) INFO:    [DXVKInstaller]:   extracting dxvk
(19:55:32) INFO:    [DXVKInstaller]:   extracting dxvk updated!
(19:55:39) DEBUG:   [Legendary]:       Using cached install info
(19:55:39) INFO:    [Legendary]:       Updating Sugar: /opt/Heroic/resources/app.asar.unpacked/build/bin/linux/legendary update Sugar -y
(19:55:39) DEBUG:   [Legendary]:       Logging to file "/home/berk/.config/heroic/GamesConfig/Sugar.log"
(19:55:39) INFO:    [Backend]:         Preventing machine to sleep
(19:55:45) INFO:    [Legendary]:       Progress for Sugar: 99.14%/0.00MiB/00:00:00
(19:55:46) INFO:    [Legendary]:       Progress for Sugar: 99.14%/0.00MiB/00:00:00
(19:55:47) INFO:    [Legendary]:       Progress for Sugar: 99.14%/0.00MiB/00:00:00
(19:55:48) INFO:    [Legendary]:       Progress for Sugar: 99.14%/0.38MiB/00:17:53
(19:55:49) INFO:    [Legendary]:       Progress for Sugar: 99.15%/1.96MiB/00:21:26
(19:55:50) INFO:    [Legendary]:       Progress for Sugar: 99.15%/2.77MiB/00:25:43
(19:55:51) INFO:    [Legendary]:       Progress for Sugar: 99.16%/4.14MiB/00:25:51
(19:55:52) INFO:    [Legendary]:       Progress for Sugar: 99.16%/4.95MiB/00:26:45
(19:55:53) INFO:    [Legendary]:       Progress for Sugar: 99.17%/5.99MiB/00:30:06
(19:55:54) INFO:    [Legendary]:       Progress for Sugar: 99.18%/7.34MiB/00:33:26
(19:55:55) INFO:    [Legendary]:       Progress for Sugar: 99.18%/7.84MiB/00:36:47
(19:55:56) INFO:    [Legendary]:       Progress for Sugar: 99.18%/8.20MiB/00:40:07
(19:55:57) INFO:    [Legendary]:       Progress for Sugar: 99.19%/10.37MiB/00:43:28
(19:55:58) INFO:    [Legendary]:       Progress for Sugar: 99.2%/11.62MiB/00:46:48
(19:55:59) INFO:    [Legendary]:       Progress for Sugar: 99.2%/13.12MiB/00:50:09
(19:56:00) INFO:    [Legendary]:       Progress for Sugar: 99.2%/13.38MiB/00:53:29
(19:56:01) INFO:    [Legendary]:       Progress for Sugar: 99.21%/15.49MiB/00:56:49
(19:56:02) INFO:    [Legendary]:       Progress for Sugar: 99.22%/16.91MiB/01:00:10
(19:56:03) INFO:    [Legendary]:       Progress for Sugar: 99.22%/17.13MiB/01:03:30
(19:56:04) INFO:    [Legendary]:       Progress for Sugar: 99.23%/18.01MiB/01:06:51
(19:56:05) INFO:    [Legendary]:       Progress for Sugar: 99.23%/18.94MiB/00:13:50
(19:56:06) INFO:    [Legendary]:       Progress for Sugar: 99.23%/20.01MiB/00:14:30
(19:56:07) INFO:    [Legendary]:       Progress for Sugar: 99.24%/21.02MiB/00:15:09
(19:56:08) INFO:    [Legendary]:       Progress for Sugar: 99.24%/21.02MiB/00:15:49
(19:56:09) INFO:    [Legendary]:       Progress for Sugar: 99.24%/21.02MiB/00:16:29
(19:56:10) INFO:    [Legendary]:       Progress for Sugar: 99.24%/21.02MiB/00:17:08
(19:56:11) INFO:    [Legendary]:       Progress for Sugar: 99.24%/21.91MiB/00:17:48
(19:56:13) INFO:    [Legendary]:       Progress for Sugar: 99.26%/25.64MiB/00:08:23
(19:56:15) INFO:    [Legendary]:       Progress for Sugar: 99.27%/27.45MiB/00:08:58
(19:56:16) INFO:    [Legendary]:       Progress for Sugar: 99.27%/27.45MiB/00:09:15
(19:56:17) INFO:    [Legendary]:       Progress for Sugar: 99.27%/27.45MiB/00:09:33
(19:56:18) INFO:    [Legendary]:       Progress for Sugar: 99.27%/28.38MiB/00:05:03
(19:56:19) INFO:    [Legendary]:       Progress for Sugar: 99.28%/30.09MiB/00:05:12
(19:56:20) INFO:    [Legendary]:       Progress for Sugar: 99.28%/30.09MiB/00:05:21
(19:56:21) INFO:    [Legendary]:       Progress for Sugar: 99.28%/30.09MiB/00:05:30
(19:56:22) INFO:    [Legendary]:       Progress for Sugar: 99.29%/30.93MiB/00:05:39
(19:56:23) INFO:    [Legendary]:       Progress for Sugar: 99.29%/32.46MiB/00:05:48
(19:56:24) INFO:    [Legendary]:       Progress for Sugar: 99.3%/34.19MiB/00:03:35
(19:56:26) INFO:    [Backend]:         Writing config for Sugar
(19:56:26) INFO:    [Backend]:         {
  "autoInstallDxvk": false,
  "autoInstallVkd3d": false,
  "preferSystemLibs": false,
  "maxSharpness": 2,
  "language": "",
  "nvidiaPrime": false,
  "enviromentOptions": [],
  "wrapperOptions": [],
  "savesPath": "",
  "showFps": false,
  "targetExe": "",
  "useGameMode": false,
  "winePrefix": "/home/berk/Games/Heroic/Prefixes/rocketleague",
  "wineVersion": {
    "bin": "/home/berk/.local/share/Steam/steamapps/common/Proton 7.0/proton",
    "name": "Proton - Proton 7.0",
    "type": "proton"
  },
  "eacRuntime": false,
  "battlEyeRuntime": false,
  "gogSaves": []
}
(19:56:26) INFO:    [Legendary]:       Progress for Sugar: 99.3%/35.03MiB/00:03:46
(19:56:27) INFO:    [Legendary]:       Progress for Sugar: 99.32%/37.52MiB/00:03:52
(19:56:28) INFO:    [Legendary]:       Progress for Sugar: 99.32%/38.35MiB/00:03:50
(19:56:29) INFO:    [Legendary]:       Progress for Sugar: 99.32%/38.35MiB/00:03:55
(19:56:30) INFO:    [Legendary]:       Progress for Sugar: 99.32%/39.20MiB/00:04:01
(19:56:31) INFO:    [Legendary]:       Progress for Sugar: 99.32%/39.20MiB/00:04:06
(19:56:32) INFO:    [Legendary]:       Progress for Sugar: 99.32%/39.20MiB/00:04:11
(19:56:33) INFO:    [Legendary]:       Progress for Sugar: 99.32%/39.20MiB/00:04:16
(19:56:34) INFO:    [Legendary]:       Progress for Sugar: 99.32%/39.20MiB/00:04:22
(19:56:35) INFO:    [Legendary]:       Progress for Sugar: 99.34%/42.54MiB/00:04:27
(19:56:36) INFO:    [Legendary]:       Progress for Sugar: 99.35%/45.06MiB/00:04:31
(19:56:37) INFO:    [Legendary]:       Progress for Sugar: 99.36%/45.90MiB/00:04:37
(19:56:38) INFO:    [Legendary]:       Progress for Sugar: 99.37%/48.36MiB/00:04:42
(19:56:39) INFO:    [Legendary]:       Progress for Sugar: 99.37%/49.31MiB/00:04:47
(19:56:40) INFO:    [Legendary]:       Progress for Sugar: 99.37%/50.13MiB/00:04:52
(19:56:41) INFO:    [Legendary]:       Progress for Sugar: 99.37%/50.13MiB/00:04:58
(19:56:42) INFO:    [Legendary]:       Progress for Sugar: 99.38%/51.63MiB/00:04:28
(19:56:43) INFO:    [Legendary]:       Progress for Sugar: 99.38%/52.21MiB/00:04:32
(19:56:44) INFO:    [Legendary]:       Progress for Sugar: 99.38%/52.21MiB/00:04:37
(19:56:45) INFO:    [Legendary]:       Progress for Sugar: 99.38%/52.21MiB/00:04:42
(19:56:46) INFO:    [Legendary]:       Progress for Sugar: 99.39%/53.48MiB/00:04:46
(19:56:47) INFO:    [Legendary]:       Progress for Sugar: 99.39%/54.32MiB/00:04:48
(19:56:48) INFO:    [Legendary]:       Progress for Sugar: 99.4%/55.22MiB/00:04:53
(19:56:49) INFO:    [Legendary]:       Progress for Sugar: 99.4%/55.22MiB/00:04:58
(19:56:50) INFO:    [Legendary]:       Progress for Sugar: 99.41%/56.88MiB/00:05:02
(19:56:51) INFO:    [Legendary]:       Progress for Sugar: 99.42%/59.54MiB/00:05:07
(19:56:52) INFO:    [Legendary]:       Progress for Sugar: 99.42%/60.46MiB/00:05:11
(19:56:53) INFO:    [Legendary]:       Progress for Sugar: 99.43%/61.36MiB/00:05:16
(19:56:54) INFO:    [Legendary]:       Progress for Sugar: 99.43%/63.06MiB/00:04:47
(19:56:55) INFO:    [Legendary]:       Progress for Sugar: 99.43%/63.06MiB/00:03:22
(19:56:56) INFO:    [Legendary]:       Progress for Sugar: 99.43%/63.06MiB/00:03:25
(19:56:57) INFO:    [Legendary]:       Progress for Sugar: 99.44%/64.04MiB/00:03:28
(19:56:58) INFO:    [Legendary]:       Progress for Sugar: 99.44%/64.78MiB/00:03:30
(19:56:59) INFO:    [Legendary]:       Progress for Sugar: 99.44%/64.78MiB/00:03:33
(19:57:00) INFO:    [Legendary]:       Progress for Sugar: 99.46%/67.55MiB/00:03:06
(19:57:01) INFO:    [Legendary]:       Progress for Sugar: 99.46%/67.55MiB/00:03:08
(19:57:02) INFO:    [Legendary]:       Progress for Sugar: 99.46%/68.52MiB/00:03:11
(19:57:03) INFO:    [Legendary]:       Progress for Sugar: 99.46%/68.52MiB/00:03:13
(19:57:04) INFO:    [Legendary]:       Progress for Sugar: 99.46%/69.51MiB/00:03:16
(19:57:05) INFO:    [Legendary]:       Progress for Sugar: 99.46%/69.51MiB/00:03:18
(19:57:06) INFO:    [Legendary]:       Progress for Sugar: 99.47%/71.16MiB/00:03:21
(19:57:07) INFO:    [Legendary]:       Progress for Sugar: 99.48%/72.69MiB/00:03:23
(19:57:08) INFO:    [Legendary]:       Progress for Sugar: 99.48%/73.29MiB/00:03:25
(19:57:09) INFO:    [Legendary]:       Progress for Sugar: 99.48%/73.29MiB/00:03:28
(19:57:10) INFO:    [Legendary]:       Progress for Sugar: 99.49%/73.98MiB/00:03:30
(19:57:11) INFO:    [Legendary]:       Progress for Sugar: 99.49%/73.98MiB/00:03:33
(19:57:12) INFO:    [Legendary]:       Progress for Sugar: 99.49%/75.52MiB/00:03:35
(19:57:13) INFO:    [Legendary]:       Progress for Sugar: 99.5%/76.26MiB/00:03:38
(19:57:14) INFO:    [Legendary]:       Progress for Sugar: 99.5%/76.26MiB/00:03:40
(19:57:15) INFO:    [Legendary]:       Progress for Sugar: 99.5%/76.26MiB/00:03:43
(19:57:16) INFO:    [Legendary]:       Progress for Sugar: 99.5%/76.93MiB/00:03:45
(19:57:17) INFO:    [Legendary]:       Progress for Sugar: 99.5%/77.87MiB/00:03:48
(19:57:18) INFO:    [Legendary]:       Progress for Sugar: 99.51%/78.76MiB/00:03:50
(19:57:19) INFO:    [Legendary]:       Progress for Sugar: 99.51%/79.64MiB/00:03:52
(19:57:20) INFO:    [Legendary]:       Progress for Sugar: 99.53%/83.13MiB/00:02:45
(19:57:21) INFO:    [Legendary]:       Progress for Sugar: 99.54%/84.85MiB/00:02:46
(19:57:22) INFO:    [Legendary]:       Progress for Sugar: 99.54%/86.64MiB/00:02:48
(19:57:23) INFO:    [Legendary]:       Progress for Sugar: 99.54%/86.64MiB/00:02:50
(19:57:24) INFO:    [Legendary]:       Progress for Sugar: 99.54%/86.64MiB/00:02:52
(19:57:25) INFO:    [Legendary]:       Progress for Sugar: 99.55%/87.54MiB/00:02:53
(19:57:26) INFO:    [Legendary]:       Progress for Sugar: 99.55%/87.54MiB/00:02:55
(19:57:27) INFO:    [Legendary]:       Progress for Sugar: 99.55%/88.43MiB/00:02:57
(19:57:28) INFO:    [Legendary]:       Progress for Sugar: 99.55%/88.43MiB/00:02:58
(19:57:29) INFO:    [Legendary]:       Progress for Sugar: 99.56%/90.17MiB/00:03:00
(19:57:30) INFO:    [Legendary]:       Progress for Sugar: 99.57%/91.05MiB/00:03:02
(19:57:31) INFO:    [Legendary]:       Progress for Sugar: 99.57%/91.05MiB/00:03:04
(19:57:32) INFO:    [Legendary]:       Progress for Sugar: 99.57%/91.85MiB/00:03:05
(19:57:33) INFO:    [Legendary]:       Progress for Sugar: 99.57%/91.85MiB/00:03:07
(19:57:34) INFO:    [Legendary]:       Progress for Sugar: 99.58%/94.51MiB/00:03:09
(19:57:35) INFO:    [Legendary]:       Progress for Sugar: 99.59%/97.12MiB/00:03:11
(19:57:36) INFO:    [Legendary]:       Progress for Sugar: 99.6%/97.98MiB/00:03:12
(19:57:37) INFO:    [Legendary]:       Progress for Sugar: 99.6%/97.98MiB/00:03:14
(19:57:38) INFO:    [Legendary]:       Progress for Sugar: 99.6%/99.39MiB/00:03:16
(19:57:39) INFO:    [Legendary]:       Progress for Sugar: 99.61%/100.28MiB/00:03:17
(19:57:40) INFO:    [Legendary]:       Progress for Sugar: 99.61%/100.28MiB/00:03:19
(19:57:41) INFO:    [Legendary]:       Progress for Sugar: 99.61%/100.28MiB/00:03:21
(19:57:42) INFO:    [Legendary]:       Progress for Sugar: 99.61%/101.01MiB/00:02:03
(19:57:43) INFO:    [Legendary]:       Progress for Sugar: 99.62%/102.79MiB/00:02:04
(19:57:44) INFO:    [Legendary]:       Progress for Sugar: 99.62%/102.79MiB/00:02:05
(19:57:45) INFO:    [Legendary]:       Progress for Sugar: 99.62%/102.79MiB/00:02:06
(19:57:46) INFO:    [Legendary]:       Progress for Sugar: 99.62%/102.79MiB/00:02:07
(19:57:47) INFO:    [Legendary]:       Progress for Sugar: 99.63%/104.58MiB/00:02:08
(19:57:48) INFO:    [Legendary]:       Progress for Sugar: 99.63%/105.48MiB/00:02:09
(19:57:49) INFO:    [Legendary]:       Progress for Sugar: 99.64%/106.38MiB/00:02:10
(19:57:50) INFO:    [Legendary]:       Progress for Sugar: 99.64%/108.19MiB/00:02:11
(19:57:51) INFO:    [Legendary]:       Progress for Sugar: 99.64%/108.19MiB/00:02:12
(19:57:52) INFO:    [Legendary]:       Progress for Sugar: 99.65%/109.97MiB/00:02:13
(19:57:53) INFO:    [Legendary]:       Progress for Sugar: 99.66%/110.85MiB/00:02:14
(19:57:54) INFO:    [Legendary]:       Progress for Sugar: 99.66%/111.91MiB/00:02:15
(19:57:55) INFO:    [Legendary]:       Progress for Sugar: 99.67%/114.61MiB/00:02:16
(19:57:56) INFO:    [Legendary]:       Progress for Sugar: 99.68%/116.42MiB/00:02:14
(19:57:57) INFO:    [Legendary]:       Progress for Sugar: 99.68%/116.42MiB/00:02:15
(19:57:58) INFO:    [Legendary]:       Progress for Sugar: 99.69%/117.34MiB/00:02:16
(19:57:59) INFO:    [Legendary]:       Progress for Sugar: 99.69%/118.81MiB/00:02:17
(19:58:00) INFO:    [Legendary]:       Progress for Sugar: 99.69%/118.81MiB/00:02:18
(19:58:01) INFO:    [Legendary]:       Progress for Sugar: 99.69%/118.81MiB/00:02:19
(19:58:02) INFO:    [Legendary]:       Progress for Sugar: 99.69%/118.81MiB/00:02:20
(19:58:03) INFO:    [Legendary]:       Progress for Sugar: 99.7%/119.42MiB/00:02:21
(19:58:04) INFO:    [Legendary]:       Progress for Sugar: 99.71%/121.21MiB/00:02:22
(19:58:05) INFO:    [Legendary]:       Progress for Sugar: 99.71%/122.11MiB/00:02:23
(19:58:06) INFO:    [Legendary]:       Progress for Sugar: 99.72%/123.89MiB/00:02:24
(19:58:07) INFO:    [Legendary]:       Progress for Sugar: 99.73%/126.36MiB/00:01:54
(19:58:08) INFO:    [Legendary]:       Progress for Sugar: 99.73%/127.29MiB/00:01:55
(19:58:09) INFO:    [Legendary]:       Progress for Sugar: 99.73%/127.29MiB/00:01:55
(19:58:10) INFO:    [Legendary]:       Progress for Sugar: 99.74%/129.16MiB/00:01:56
(19:58:11) INFO:    [Legendary]:       Progress for Sugar: 99.75%/129.79MiB/00:01:57
(19:58:12) INFO:    [Legendary]:       Progress for Sugar: 99.75%/130.43MiB/00:01:58
(19:58:13) INFO:    [Legendary]:       Progress for Sugar: 99.75%/131.32MiB/00:01:59
(19:58:14) INFO:    [Legendary]:       Progress for Sugar: 99.76%/133.13MiB/00:01:47
(19:58:15) INFO:    [Legendary]:       Progress for Sugar: 99.77%/134.36MiB/00:01:32
(19:58:16) INFO:    [Legendary]:       Progress for Sugar: 99.77%/134.87MiB/00:01:33
(19:58:17) INFO:    [Legendary]:       Progress for Sugar: 99.78%/136.42MiB/00:01:33
(19:58:18) INFO:    [Legendary]:       Progress for Sugar: 99.78%/136.42MiB/00:01:34
(19:58:19) INFO:    [Legendary]:       Progress for Sugar: 99.78%/136.42MiB/00:01:35
(19:58:20) INFO:    [Legendary]:       Progress for Sugar: 99.78%/136.42MiB/00:01:35
(19:58:21) INFO:    [Legendary]:       Progress for Sugar: 99.78%/138.19MiB/00:01:36
(19:58:22) INFO:    [Legendary]:       Progress for Sugar: 99.79%/140.04MiB/00:01:36
(19:58:23) INFO:    [Legendary]:       Progress for Sugar: 99.8%/141.52MiB/00:01:37
(19:58:24) INFO:    [Legendary]:       Progress for Sugar: 99.81%/143.07MiB/00:01:38
(19:58:25) INFO:    [Legendary]:       Progress for Sugar: 99.81%/143.07MiB/00:01:38
(19:58:26) INFO:    [Legendary]:       Progress for Sugar: 99.82%/145.46MiB/00:01:39
(19:58:27) INFO:    [Legendary]:       Progress for Sugar: 99.83%/147.02MiB/00:01:14
(19:58:28) INFO:    [Legendary]:       Progress for Sugar: 99.83%/147.02MiB/00:01:14
(19:58:29) INFO:    [Legendary]:       Progress for Sugar: 99.83%/147.02MiB/00:01:15
(19:58:30) INFO:    [Legendary]:       Progress for Sugar: 99.83%/147.02MiB/00:01:15
(19:58:31) INFO:    [Legendary]:       Progress for Sugar: 99.84%/149.70MiB/00:01:16
(19:58:32) INFO:    [Legendary]:       Progress for Sugar: 99.85%/152.13MiB/00:00:48
(19:58:33) INFO:    [Legendary]:       Progress for Sugar: 99.85%/152.13MiB/00:00:49
(19:58:34) INFO:    [Legendary]:       Progress for Sugar: 99.85%/152.13MiB/00:00:49
(19:58:35) INFO:    [Legendary]:       Progress for Sugar: 99.85%/153.13MiB/00:00:49
(19:58:36) INFO:    [Legendary]:       Progress for Sugar: 99.87%/155.50MiB/00:00:50
(19:58:37) INFO:    [Legendary]:       Progress for Sugar: 99.87%/156.02MiB/00:00:50
(19:58:38) INFO:    [Legendary]:       Progress for Sugar: 99.87%/157.01MiB/00:00:50
(19:58:39) INFO:    [Legendary]:       Progress for Sugar: 99.87%/157.53MiB/00:00:50
(19:58:40) INFO:    [Legendary]:       Progress for Sugar: 99.88%/158.47MiB/00:00:51
(19:58:41) INFO:    [Legendary]:       Progress for Sugar: 99.88%/158.47MiB/00:00:51
(19:58:42) INFO:    [Legendary]:       Progress for Sugar: 99.88%/158.47MiB/00:00:51
(19:58:43) INFO:    [Legendary]:       Progress for Sugar: 99.88%/159.47MiB/00:00:52
(19:58:44) INFO:    [Legendary]:       Progress for Sugar: 99.89%/161.86MiB/00:00:30
(19:58:45) INFO:    [Legendary]:       Progress for Sugar: 99.91%/164.67MiB/00:00:30
(19:58:46) INFO:    [Legendary]:       Progress for Sugar: 99.91%/164.67MiB/00:00:30
(19:58:47) INFO:    [Legendary]:       Progress for Sugar: 99.91%/164.67MiB/00:00:30
(19:58:48) INFO:    [Legendary]:       Progress for Sugar: 99.92%/166.66MiB/00:00:30
(19:58:49) INFO:    [Legendary]:       Progress for Sugar: 99.92%/166.66MiB/00:00:31
(19:58:50) INFO:    [Legendary]:       Progress for Sugar: 99.92%/167.66MiB/00:00:31
(19:58:51) INFO:    [Legendary]:       Progress for Sugar: 99.93%/168.66MiB/00:00:31
(19:58:52) INFO:    [Legendary]:       Progress for Sugar: 99.93%/168.66MiB/00:00:31
(19:58:53) INFO:    [Legendary]:       Progress for Sugar: 99.93%/169.65MiB/00:00:31
(19:58:54) INFO:    [Legendary]:       Progress for Sugar: 99.93%/169.65MiB/00:00:31
(19:58:55) INFO:    [Legendary]:       Progress for Sugar: 99.94%/171.65MiB/00:00:32
(19:58:56) INFO:    [Legendary]:       Progress for Sugar: 99.96%/176.64MiB/00:00:32
(19:58:57) INFO:    [Legendary]:       Progress for Sugar: 99.96%/176.64MiB/00:00:29
(19:58:58) INFO:    [Legendary]:       Progress for Sugar: 99.97%/178.26MiB/00:00:29
(19:58:59) INFO:    [Legendary]:       Progress for Sugar: 99.97%/179.09MiB/00:00:30
(19:59:00) INFO:    [Legendary]:       Progress for Sugar: 99.98%/179.96MiB/00:00:30
(19:59:01) INFO:    [Legendary]:       Progress for Sugar: 99.99%/182.68MiB/00:00:30
(19:59:02) INFO:    [Legendary]:       Progress for Sugar: 99.99%/182.68MiB/00:00:30
(19:59:03) INFO:    [Legendary]:       Progress for Sugar: 100%/183.49MiB/00:00:30
(19:59:04) INFO:    [Legendary]:       Progress for Sugar: 100%/183.49MiB/00:00:30
(19:59:05) INFO:    [Legendary]:       Progress for Sugar: 100%/183.49MiB/00:00:31
(19:59:06) INFO:    [Legendary]:       Progress for Sugar: 100%/183.49MiB/00:00:31
(19:59:07) INFO:    [Legendary]:       Progress for Sugar: 100%/183.49MiB/00:00:31
(19:59:08) INFO:    [Legendary]:       Progress for Sugar: 100%/183.49MiB/00:00:31
(19:59:09) INFO:    [Legendary]:       Progress for Sugar: 100%/183.49MiB/00:00:31
(19:59:10) INFO:    [Legendary]:       Progress for Sugar: 100%/183.49MiB/00:00:31
(19:59:11) INFO:    [Legendary]:       Progress for Sugar: 100%/184.49MiB/00:00:00
(19:59:12) INFO:    [Legendary]:       Installed game list updated
(19:59:12) INFO:    [Legendary]:       Installed game list updated
(19:59:12) INFO:    [Backend]:         finished updating
(19:59:12) INFO:    [Backend]:         operation interrupted
(19:59:12) INFO:    [Frontend]:        Refreshing Library
(19:59:12) INFO:    [Legendary]:       Refreshing library...
(19:59:12) INFO:    [Legendary]:       Updating game list
(19:59:12) INFO:    [Legendary]:       Game List Updated
(19:59:12) INFO:    [Backend]:         Stopping Power Saver Blocker
(19:59:16) INFO:    [Legendary]:       Checking for game updates.
(19:59:16) INFO:    [Legendary]:       Running command: /opt/Heroic/resources/app.asar.unpacked/build/bin/linux/legendary list-installed --check-updates --tsv
(19:59:18) INFO:    [Legendary]:       Found 0 game(s) to update
(20:03:28) INFO:    [Backend]:         Launching Rocket League速 (Sugar)
(20:03:28) INFO:    [Backend]:         Preventing display from sleep
(20:03:28) INFO:    [Legendary]:       Running command: /opt/Heroic/resources/app.asar.unpacked/build/bin/linux/legendary --version
(20:03:30) WARNING: [Backend]:         You are using Proton, this can lead to some bugs. Please do not open issues with bugs related to games
(20:03:30) WARNING: [Legendary]:       No Steam runtime found
(20:03:30) INFO:    [Legendary]:       Launching Rocket League速: LD_PRELOAD= STEAM_COMPAT_CLIENT_INSTALL_PATH=/home/berk/.steam/steam STEAM_COMPAT_DATA_PATH=/home/berk/Games/Heroic/Prefixes/rocketleague PROTON_NO_ESYNC=1 PROTON_NO_FSYNC=1 STEAM_COMPAT_APP_ID=0 SteamAppId=0 SteamGameId=heroic-rocketleague PROTON_LOG_DIR=/home/berk /opt/Heroic/resources/app.asar.unpacked/build/bin/linux/legendary launch Sugar --language en --no-wine --wrapper "'/home/berk/.local/share/Steam/steamapps/common/Proton 7.0/proton' run"
