[Core] INFO: Trying to re-use existing login session...
[cli] INFO: Preparing download for "Rocket League®" (Sugar)...
[Core] INFO: Parsing game manifest...
[Core] INFO: Using optimized delta manifest to upgrade from build "ct5GyXmTiYyfEWroDmTOuY0nnQk" to "QGptJn36aJ5CiN08BSC7onBN0qw"...
[Core] INFO: Install path: /home/berk/Games/Heroic/rocketleague
[Core] INFO: Selected CDN: epicgames-download1.akamaized.net (https)
[cli] INFO: Install size: 24331.32 MiB
[cli] INFO: Download size: 184.49 MiB (Compression savings: 25.7%)
[cli] INFO: Reusable size: 1416.47 MiB (chunks) / 22737.32 MiB (unchanged / skipped)
[cli] INFO: Downloads are resumable, you can interrupt the download with CTRL-C and resume it using the same command later on.

This game may have compatibility issues or require additional setup, see: https://github.com/CommandMC/EpicLinux/wiki/Rocket-League:-BakkesMod

[DLManager] INFO: Download Manager running with process-id: 65576
[DLManager] INFO: Starting download workers...
[DLManager] INFO: Starting file writing worker...
[DLManager] INFO: = Progress: 0.00% (0/6437), Running for 00:00:00, ETA: 00:00:00
[DLManager] INFO:  - Downloaded: 0.00 MiB, Written: 0.00 MiB
[DLManager] INFO:  - Cache usage: 5.00 MiB, active tasks: 4
[DLManager] INFO:  + Download	- 0.00 MiB/s (raw) / 0.00 MiB/s (decompressed)
[DLManager] INFO:  + Disk	- 0.00 MiB/s (write) / 0.00 MiB/s (read)
[DLManager] INFO: = Progress: 0.00% (0/6437), Running for 00:00:00, ETA: 00:00:00
[DLManager] INFO:  - Downloaded: 0.00 MiB, Written: 0.00 MiB
[DLManager] INFO:  - Cache usage: 32.00 MiB, active tasks: 32
[DLManager] INFO:  + Download	- 0.00 MiB/s (raw) / 0.00 MiB/s (decompressed)
[DLManager] INFO:  + Disk	- 0.00 MiB/s (write) / 0.00 MiB/s (read)
[DLManager] INFO: = Progress: 0.00% (0/6437), Running for 00:00:00, ETA: 00:00:00
[DLManager] INFO:  - Downloaded: 0.00 MiB, Written: 0.00 MiB
[DLManager] INFO:  - Cache usage: 32.00 MiB, active tasks: 32
[DLManager] INFO:  + Download	- 0.00 MiB/s (raw) / 0.00 MiB/s (decompressed)
[DLManager] INFO:  + Disk	- 0.00 MiB/s (write) / 0.00 MiB/s (read)
[DLManager] INFO: = Progress: 0.00% (0/6437), Running for 00:00:00, ETA: 00:00:00
[DLManager] INFO:  - Downloaded: 0.00 MiB, Written: 0.00 MiB
[DLManager] INFO:  - Cache usage: 32.00 MiB, active tasks: 32
[DLManager] INFO:  + Download	- 0.00 MiB/s (raw) / 0.00 MiB/s (decompressed)
[DLManager] INFO:  + Disk	- 0.00 MiB/s (write) / 0.00 MiB/s (read)
[DLManager] INFO: = Progress: 0.37% (24/6437), Running for 00:00:04, ETA: 00:17:53
[DLManager] INFO:  - Downloaded: 0.38 MiB, Written: 1.48 MiB
[DLManager] INFO:  - Cache usage: 32.00 MiB, active tasks: 32
[DLManager] INFO:  + Download	- 0.38 MiB/s (raw) / 1.00 MiB/s (decompressed)
[DLManager] INFO:  + Disk	- 1.47 MiB/s (write) / 0.48 MiB/s (read)
[DLManager] INFO: = Progress: 0.39% (25/6437), Running for 00:00:05, ETA: 00:21:26
[DLManager] INFO:  - Downloaded: 1.96 MiB, Written: 2.48 MiB
[DLManager] INFO:  - Cache usage: 36.00 MiB, active tasks: 32
[DLManager] INFO:  + Download	- 1.58 MiB/s (raw) / 4.99 MiB/s (decompressed)
[DLManager] INFO:  + Disk	- 1.00 MiB/s (write) / 0.00 MiB/s (read)
[DLManager] INFO: = Progress: 0.39% (25/6437), Running for 00:00:06, ETA: 00:25:43
[DLManager] INFO:  - Downloaded: 2.77 MiB, Written: 2.48 MiB
[DLManager] INFO:  - Cache usage: 38.00 MiB, active tasks: 32
[DLManager] INFO:  + Download	- 0.80 MiB/s (raw) / 2.00 MiB/s (decompressed)
[DLManager] INFO:  + Disk	- 0.00 MiB/s (write) / 0.00 MiB/s (read)
[DLManager] INFO: = Progress: 0.45% (29/6437), Running for 00:00:07, ETA: 00:25:51
[DLManager] INFO:  - Downloaded: 4.14 MiB, Written: 6.48 MiB
[DLManager] INFO:  - Cache usage: 38.00 MiB, active tasks: 32
[DLManager] INFO:  + Download	- 1.37 MiB/s (raw) / 3.99 MiB/s (decompressed)
[DLManager] INFO:  + Disk	- 3.99 MiB/s (write) / 0.00 MiB/s (read)
[DLManager] INFO: = Progress: 0.50% (32/6437), Running for 00:00:08, ETA: 00:26:45
[DLManager] INFO:  - Downloaded: 4.95 MiB, Written: 9.48 MiB
[DLManager] INFO:  - Cache usage: 37.00 MiB, active tasks: 32
[DLManager] INFO:  + Download	- 0.81 MiB/s (raw) / 2.00 MiB/s (decompressed)
[DLManager] INFO:  + Disk	- 3.00 MiB/s (write) / 0.00 MiB/s (read)
[DLManager] INFO: = Progress: 0.50% (32/6437), Running for 00:00:09, ETA: 00:30:06
[DLManager] INFO:  - Downloaded: 5.99 MiB, Written: 9.48 MiB
[DLManager] INFO:  - Cache usage: 39.00 MiB, active tasks: 32
[DLManager] INFO:  + Download	- 1.03 MiB/s (raw) / 2.00 MiB/s (decompressed)
[DLManager] INFO:  + Disk	- 0.00 MiB/s (write) / 0.00 MiB/s (read)
[DLManager] INFO: = Progress: 0.50% (32/6437), Running for 00:00:10, ETA: 00:33:26
[DLManager] INFO:  - Downloaded: 7.34 MiB, Written: 9.48 MiB
[DLManager] INFO:  - Cache usage: 42.00 MiB, active tasks: 32
[DLManager] INFO:  + Download	- 1.35 MiB/s (raw) / 3.00 MiB/s (decompressed)
[DLManager] INFO:  + Disk	- 0.00 MiB/s (write) / 0.00 MiB/s (read)
[DLManager] INFO: = Progress: 0.50% (32/6437), Running for 00:00:11, ETA: 00:36:47
[DLManager] INFO:  - Downloaded: 7.84 MiB, Written: 9.48 MiB
[DLManager] INFO:  - Cache usage: 43.00 MiB, active tasks: 32
[DLManager] INFO:  + Download	- 0.50 MiB/s (raw) / 1.00 MiB/s (decompressed)
[DLManager] INFO:  + Disk	- 0.00 MiB/s (write) / 0.00 MiB/s (read)
[DLManager] INFO: = Progress: 0.50% (32/6437), Running for 00:00:12, ETA: 00:40:07
[DLManager] INFO:  - Downloaded: 8.20 MiB, Written: 9.48 MiB
[DLManager] INFO:  - Cache usage: 44.00 MiB, active tasks: 32
[DLManager] INFO:  + Download	- 0.36 MiB/s (raw) / 1.00 MiB/s (decompressed)
[DLManager] INFO:  + Disk	- 0.00 MiB/s (write) / 0.00 MiB/s (read)
[DLManager] INFO: = Progress: 0.50% (32/6437), Running for 00:00:13, ETA: 00:43:28
[DLManager] INFO:  - Downloaded: 10.37 MiB, Written: 9.48 MiB
[DLManager] INFO:  - Cache usage: 49.00 MiB, active tasks: 32
[DLManager] INFO:  + Download	- 2.16 MiB/s (raw) / 4.99 MiB/s (decompressed)
[DLManager] INFO:  + Disk	- 0.00 MiB/s (write) / 0.00 MiB/s (read)
[DLManager] INFO: = Progress: 0.50% (32/6437), Running for 00:00:14, ETA: 00:46:48
[DLManager] INFO:  - Downloaded: 11.62 MiB, Written: 9.48 MiB
[DLManager] INFO:  - Cache usage: 52.00 MiB, active tasks: 32
[DLManager] INFO:  + Download	- 1.26 MiB/s (raw) / 3.00 MiB/s (decompressed)
[DLManager] INFO:  + Disk	- 0.00 MiB/s (write) / 0.00 MiB/s (read)
[DLManager] INFO: = Progress: 0.50% (32/6437), Running for 00:00:15, ETA: 00:50:09
[DLManager] INFO:  - Downloaded: 13.12 MiB, Written: 9.48 MiB
[DLManager] INFO:  - Cache usage: 55.00 MiB, active tasks: 32
[DLManager] INFO:  + Download	- 1.49 MiB/s (raw) / 3.00 MiB/s (decompressed)
[DLManager] INFO:  + Disk	- 0.00 MiB/s (write) / 0.00 MiB/s (read)
[DLManager] INFO: = Progress: 0.50% (32/6437), Running for 00:00:16, ETA: 00:53:29
[DLManager] INFO:  - Downloaded: 13.38 MiB, Written: 9.48 MiB
[DLManager] INFO:  - Cache usage: 57.00 MiB, active tasks: 32
[DLManager] INFO:  + Download	- 0.26 MiB/s (raw) / 2.00 MiB/s (decompressed)
[DLManager] INFO:  + Disk	- 0.00 MiB/s (write) / 0.00 MiB/s (read)
[DLManager] INFO: = Progress: 0.50% (32/6437), Running for 00:00:17, ETA: 00:56:49
[DLManager] INFO:  - Downloaded: 15.49 MiB, Written: 9.48 MiB
[DLManager] INFO:  - Cache usage: 63.00 MiB, active tasks: 32
[DLManager] INFO:  + Download	- 2.11 MiB/s (raw) / 5.99 MiB/s (decompressed)
[DLManager] INFO:  + Disk	- 0.00 MiB/s (write) / 0.00 MiB/s (read)
[FileWorker] WARNING: Writer queue empty!
[DLManager] INFO: = Progress: 0.50% (32/6437), Running for 00:00:18, ETA: 01:00:10
[DLManager] INFO:  - Downloaded: 16.91 MiB, Written: 9.48 MiB
[DLManager] INFO:  - Cache usage: 67.00 MiB, active tasks: 32
[DLManager] INFO:  + Download	- 1.41 MiB/s (raw) / 3.99 MiB/s (decompressed)
[DLManager] INFO:  + Disk	- 0.00 MiB/s (write) / 0.00 MiB/s (read)
[DLManager] INFO: = Progress: 0.50% (32/6437), Running for 00:00:19, ETA: 01:03:30
[DLManager] INFO:  - Downloaded: 17.13 MiB, Written: 9.48 MiB
[DLManager] INFO:  - Cache usage: 68.00 MiB, active tasks: 32
[DLManager] INFO:  + Download	- 0.22 MiB/s (raw) / 1.00 MiB/s (decompressed)
[DLManager] INFO:  + Disk	- 0.00 MiB/s (write) / 0.00 MiB/s (read)
[DLManager] INFO: = Progress: 0.50% (32/6437), Running for 00:00:20, ETA: 01:06:51
[DLManager] INFO:  - Downloaded: 18.01 MiB, Written: 9.48 MiB
[DLManager] INFO:  - Cache usage: 70.00 MiB, active tasks: 32
[DLManager] INFO:  + Download	- 0.88 MiB/s (raw) / 2.00 MiB/s (decompressed)
[DLManager] INFO:  + Disk	- 0.00 MiB/s (write) / 0.00 MiB/s (read)
[DLManager] INFO: = Progress: 2.47% (159/6437), Running for 00:00:21, ETA: 00:13:50
[DLManager] INFO:  - Downloaded: 18.94 MiB, Written: 38.85 MiB
[DLManager] INFO:  - Cache usage: 45.00 MiB, active tasks: 32
[DLManager] INFO:  + Download	- 0.94 MiB/s (raw) / 2.00 MiB/s (decompressed)
[DLManager] INFO:  + Disk	- 29.33 MiB/s (write) / 2.35 MiB/s (read)
[DLManager] INFO: = Progress: 2.47% (159/6437), Running for 00:00:22, ETA: 00:14:30
[DLManager] INFO:  - Downloaded: 20.01 MiB, Written: 38.85 MiB
[DLManager] INFO:  - Cache usage: 48.00 MiB, active tasks: 32
[DLManager] INFO:  + Download	- 1.06 MiB/s (raw) / 3.00 MiB/s (decompressed)
[DLManager] INFO:  + Disk	- 0.00 MiB/s (write) / 0.00 MiB/s (read)
[DLManager] INFO: = Progress: 2.47% (159/6437), Running for 00:00:23, ETA: 00:15:09
[DLManager] INFO:  - Downloaded: 21.02 MiB, Written: 38.85 MiB
[DLManager] INFO:  - Cache usage: 50.00 MiB, active tasks: 32
[DLManager] INFO:  + Download	- 1.02 MiB/s (raw) / 2.00 MiB/s (decompressed)
[DLManager] INFO:  + Disk	- 0.00 MiB/s (write) / 0.00 MiB/s (read)
[DLManager] INFO: = Progress: 2.47% (159/6437), Running for 00:00:24, ETA: 00:15:49
[DLManager] INFO:  - Downloaded: 21.02 MiB, Written: 38.85 MiB
[DLManager] INFO:  - Cache usage: 50.00 MiB, active tasks: 32
[DLManager] INFO:  + Download	- 0.00 MiB/s (raw) / 0.00 MiB/s (decompressed)
[DLManager] INFO:  + Disk	- 0.00 MiB/s (write) / 0.00 MiB/s (read)
[DLManager] INFO: = Progress: 2.47% (159/6437), Running for 00:00:25, ETA: 00:16:29
[DLManager] INFO:  - Downloaded: 21.02 MiB, Written: 38.85 MiB
[DLManager] INFO:  - Cache usage: 50.00 MiB, active tasks: 32
[DLManager] INFO:  + Download	- 0.00 MiB/s (raw) / 0.00 MiB/s (decompressed)
[DLManager] INFO:  + Disk	- 0.00 MiB/s (write) / 0.00 MiB/s (read)
[DLManager] INFO: = Progress: 2.47% (159/6437), Running for 00:00:26, ETA: 00:17:08
[DLManager] INFO:  - Downloaded: 21.02 MiB, Written: 38.85 MiB
[DLManager] INFO:  - Cache usage: 50.00 MiB, active tasks: 32
[DLManager] INFO:  + Download	- 0.00 MiB/s (raw) / 0.00 MiB/s (decompressed)
[DLManager] INFO:  + Disk	- 0.00 MiB/s (write) / 0.00 MiB/s (read)
[DLManager] INFO: = Progress: 2.47% (159/6437), Running for 00:00:27, ETA: 00:17:48
[DLManager] INFO:  - Downloaded: 21.91 MiB, Written: 38.85 MiB
[DLManager] INFO:  - Cache usage: 51.00 MiB, active tasks: 32
[DLManager] INFO:  + Download	- 0.88 MiB/s (raw) / 1.00 MiB/s (decompressed)
[DLManager] INFO:  + Disk	- 0.00 MiB/s (write) / 0.00 MiB/s (read)
[DLManager] INFO: = Progress: 2.47% (159/6437), Running for 00:00:28, ETA: 00:18:27
[DLManager] INFO:  - Downloaded: 21.91 MiB, Written: 38.85 MiB
[DLManager] INFO:  - Cache usage: 51.00 MiB, active tasks: 32
[DLManager] INFO:  + Download	- 0.00 MiB/s (raw) / 0.00 MiB/s (decompressed)
[DLManager] INFO:  + Disk	- 0.00 MiB/s (write) / 0.00 MiB/s (read)
[DLManager] INFO: = Progress: 5.45% (351/6437), Running for 00:00:29, ETA: 00:08:23
[DLManager] INFO:  - Downloaded: 25.64 MiB, Written: 58.46 MiB
[DLManager] INFO:  - Cache usage: 39.00 MiB, active tasks: 32
[DLManager] INFO:  + Download	- 3.73 MiB/s (raw) / 4.99 MiB/s (decompressed)
[DLManager] INFO:  + Disk	- 19.58 MiB/s (write) / 2.16 MiB/s (read)
[DLManager] INFO: = Progress: 5.45% (351/6437), Running for 00:00:30, ETA: 00:08:41
[DLManager] INFO:  - Downloaded: 25.64 MiB, Written: 58.46 MiB
[DLManager] INFO:  - Cache usage: 39.00 MiB, active tasks: 32
[DLManager] INFO:  + Download	- 0.00 MiB/s (raw) / 0.00 MiB/s (decompressed)
[DLManager] INFO:  + Disk	- 0.00 MiB/s (write) / 0.00 MiB/s (read)
[DLManager] INFO: = Progress: 5.45% (351/6437), Running for 00:00:31, ETA: 00:08:58
[DLManager] INFO:  - Downloaded: 27.45 MiB, Written: 58.46 MiB
[DLManager] INFO:  - Cache usage: 41.00 MiB, active tasks: 32
[DLManager] INFO:  + Download	- 1.81 MiB/s (raw) / 2.00 MiB/s (decompressed)
[DLManager] INFO:  + Disk	- 0.00 MiB/s (write) / 0.00 MiB/s (read)
[DLManager] INFO: = Progress: 5.45% (351/6437), Running for 00:00:32, ETA: 00:09:15
[DLManager] INFO:  - Downloaded: 27.45 MiB, Written: 58.46 MiB
[DLManager] INFO:  - Cache usage: 41.00 MiB, active tasks: 32
[DLManager] INFO:  + Download	- 0.00 MiB/s (raw) / 0.00 MiB/s (decompressed)
[DLManager] INFO:  + Disk	- 0.00 MiB/s (write) / 0.00 MiB/s (read)
[DLManager] INFO: = Progress: 5.45% (351/6437), Running for 00:00:33, ETA: 00:09:33
[DLManager] INFO:  - Downloaded: 27.45 MiB, Written: 58.46 MiB
[DLManager] INFO:  - Cache usage: 41.00 MiB, active tasks: 32
[DLManager] INFO:  + Download	- 0.00 MiB/s (raw) / 0.00 MiB/s (decompressed)
[DLManager] INFO:  + Disk	- 0.00 MiB/s (write) / 0.00 MiB/s (read)
[DLManager] INFO: = Progress: 10.08% (649/6437), Running for 00:00:34, ETA: 00:05:03
[DLManager] INFO:  - Downloaded: 28.38 MiB, Written: 193.33 MiB
[DLManager] INFO:  - Cache usage: 37.00 MiB, active tasks: 32
[DLManager] INFO:  + Download	- 0.93 MiB/s (raw) / 1.00 MiB/s (decompressed)
[DLManager] INFO:  + Disk	- 134.64 MiB/s (write) / 131.80 MiB/s (read)
[DLManager] INFO: = Progress: 10.08% (649/6437), Running for 00:00:35, ETA: 00:05:12
[DLManager] INFO:  - Downloaded: 30.09 MiB, Written: 193.33 MiB
[DLManager] INFO:  - Cache usage: 39.00 MiB, active tasks: 32
[DLManager] INFO:  + Download	- 1.71 MiB/s (raw) / 2.00 MiB/s (decompressed)
[DLManager] INFO:  + Disk	- 0.00 MiB/s (write) / 0.00 MiB/s (read)
[DLManager] INFO: = Progress: 10.08% (649/6437), Running for 00:00:36, ETA: 00:05:21
[DLManager] INFO:  - Downloaded: 30.09 MiB, Written: 193.33 MiB
[DLManager] INFO:  - Cache usage: 39.00 MiB, active tasks: 32
[DLManager] INFO:  + Download	- 0.00 MiB/s (raw) / 0.00 MiB/s (decompressed)
[DLManager] INFO:  + Disk	- 0.00 MiB/s (write) / 0.00 MiB/s (read)
[DLManager] INFO: = Progress: 10.08% (649/6437), Running for 00:00:37, ETA: 00:05:30
[DLManager] INFO:  - Downloaded: 30.09 MiB, Written: 193.33 MiB
[DLManager] INFO:  - Cache usage: 39.00 MiB, active tasks: 32
[DLManager] INFO:  + Download	- 0.00 MiB/s (raw) / 0.00 MiB/s (decompressed)
[DLManager] INFO:  + Disk	- 0.00 MiB/s (write) / 0.00 MiB/s (read)
[DLManager] INFO: = Progress: 10.08% (649/6437), Running for 00:00:38, ETA: 00:05:39
[DLManager] INFO:  - Downloaded: 30.93 MiB, Written: 193.33 MiB
[DLManager] INFO:  - Cache usage: 40.00 MiB, active tasks: 32
[DLManager] INFO:  + Download	- 0.83 MiB/s (raw) / 1.00 MiB/s (decompressed)
[DLManager] INFO:  + Disk	- 0.00 MiB/s (write) / 0.00 MiB/s (read)
[DLManager] INFO: = Progress: 10.08% (649/6437), Running for 00:00:39, ETA: 00:05:48
[DLManager] INFO:  - Downloaded: 32.46 MiB, Written: 193.33 MiB
[DLManager] INFO:  - Cache usage: 42.00 MiB, active tasks: 32
[DLManager] INFO:  + Download	- 1.53 MiB/s (raw) / 2.00 MiB/s (decompressed)
[DLManager] INFO:  + Disk	- 0.00 MiB/s (write) / 0.00 MiB/s (read)
[DLManager] INFO: = Progress: 15.66% (1008/6437), Running for 00:00:40, ETA: 00:03:35
[DLManager] INFO:  - Downloaded: 34.19 MiB, Written: 409.91 MiB
[DLManager] INFO:  - Cache usage: 41.00 MiB, active tasks: 32
[DLManager] INFO:  + Download	- 1.72 MiB/s (raw) / 2.00 MiB/s (decompressed)
[DLManager] INFO:  + Disk	- 216.22 MiB/s (write) / 213.63 MiB/s (read)
[DLManager] INFO: = Progress: 15.66% (1008/6437), Running for 00:00:41, ETA: 00:03:41
[DLManager] INFO:  - Downloaded: 34.19 MiB, Written: 409.91 MiB
[DLManager] INFO:  - Cache usage: 41.00 MiB, active tasks: 32
[DLManager] INFO:  + Download	- 0.00 MiB/s (raw) / 0.00 MiB/s (decompressed)
[DLManager] INFO:  + Disk	- 0.00 MiB/s (write) / 0.00 MiB/s (read)
[DLManager] INFO: = Progress: 15.66% (1008/6437), Running for 00:00:42, ETA: 00:03:46
[DLManager] INFO:  - Downloaded: 35.03 MiB, Written: 409.91 MiB
[DLManager] INFO:  - Cache usage: 42.00 MiB, active tasks: 32
[DLManager] INFO:  + Download	- 0.84 MiB/s (raw) / 1.00 MiB/s (decompressed)
[DLManager] INFO:  + Disk	- 0.00 MiB/s (write) / 0.00 MiB/s (read)
[DLManager] INFO: = Progress: 15.66% (1008/6437), Running for 00:00:43, ETA: 00:03:52
[DLManager] INFO:  - Downloaded: 37.52 MiB, Written: 409.91 MiB
[DLManager] INFO:  - Cache usage: 45.00 MiB, active tasks: 32
[DLManager] INFO:  + Download	- 2.49 MiB/s (raw) / 3.00 MiB/s (decompressed)
[DLManager] INFO:  + Disk	- 0.00 MiB/s (write) / 0.00 MiB/s (read)
[DLManager] INFO: = Progress: 16.05% (1033/6437), Running for 00:00:44, ETA: 00:03:50
[DLManager] INFO:  - Downloaded: 38.35 MiB, Written: 412.17 MiB
[DLManager] INFO:  - Cache usage: 43.00 MiB, active tasks: 32
[DLManager] INFO:  + Download	- 0.83 MiB/s (raw) / 1.00 MiB/s (decompressed)
[DLManager] INFO:  + Disk	- 2.26 MiB/s (write) / 0.07 MiB/s (read)
[DLManager] INFO: = Progress: 16.05% (1033/6437), Running for 00:00:45, ETA: 00:03:55
[DLManager] INFO:  - Downloaded: 38.35 MiB, Written: 412.17 MiB
[DLManager] INFO:  - Cache usage: 43.00 MiB, active tasks: 32
[DLManager] INFO:  + Download	- 0.00 MiB/s (raw) / 0.00 MiB/s (decompressed)
[DLManager] INFO:  + Disk	- 0.00 MiB/s (write) / 0.00 MiB/s (read)
[DLManager] INFO: = Progress: 16.05% (1033/6437), Running for 00:00:46, ETA: 00:04:01
[DLManager] INFO:  - Downloaded: 39.20 MiB, Written: 412.17 MiB
[DLManager] INFO:  - Cache usage: 44.00 MiB, active tasks: 32
[DLManager] INFO:  + Download	- 0.84 MiB/s (raw) / 1.00 MiB/s (decompressed)
[DLManager] INFO:  + Disk	- 0.00 MiB/s (write) / 0.00 MiB/s (read)
[DLManager] INFO: = Progress: 16.05% (1033/6437), Running for 00:00:47, ETA: 00:04:06
[DLManager] INFO:  - Downloaded: 39.20 MiB, Written: 412.17 MiB
[DLManager] INFO:  - Cache usage: 44.00 MiB, active tasks: 32
[DLManager] INFO:  + Download	- 0.00 MiB/s (raw) / 0.00 MiB/s (decompressed)
[DLManager] INFO:  + Disk	- 0.00 MiB/s (write) / 0.00 MiB/s (read)
[DLManager] INFO: = Progress: 16.05% (1033/6437), Running for 00:00:48, ETA: 00:04:11
[DLManager] INFO:  - Downloaded: 39.20 MiB, Written: 412.17 MiB
[DLManager] INFO:  - Cache usage: 44.00 MiB, active tasks: 32
[DLManager] INFO:  + Download	- 0.00 MiB/s (raw) / 0.00 MiB/s (decompressed)
[DLManager] INFO:  + Disk	- 0.00 MiB/s (write) / 0.00 MiB/s (read)
[DLManager] INFO: = Progress: 16.05% (1033/6437), Running for 00:00:49, ETA: 00:04:16
[DLManager] INFO:  - Downloaded: 39.20 MiB, Written: 412.17 MiB
[DLManager] INFO:  - Cache usage: 44.00 MiB, active tasks: 32
[DLManager] INFO:  + Download	- 0.00 MiB/s (raw) / 0.00 MiB/s (decompressed)
[DLManager] INFO:  + Disk	- 0.00 MiB/s (write) / 0.00 MiB/s (read)
[DLManager] INFO: = Progress: 16.05% (1033/6437), Running for 00:00:50, ETA: 00:04:22
[DLManager] INFO:  - Downloaded: 39.20 MiB, Written: 412.17 MiB
[DLManager] INFO:  - Cache usage: 44.00 MiB, active tasks: 32
[DLManager] INFO:  + Download	- 0.00 MiB/s (raw) / 0.00 MiB/s (decompressed)
[DLManager] INFO:  + Disk	- 0.00 MiB/s (write) / 0.00 MiB/s (read)
[DLManager] INFO: = Progress: 16.05% (1033/6437), Running for 00:00:51, ETA: 00:04:27
[DLManager] INFO:  - Downloaded: 42.54 MiB, Written: 412.17 MiB
[DLManager] INFO:  - Cache usage: 48.00 MiB, active tasks: 32
[DLManager] INFO:  + Download	- 3.34 MiB/s (raw) / 3.99 MiB/s (decompressed)
[DLManager] INFO:  + Disk	- 0.00 MiB/s (write) / 0.00 MiB/s (read)
[DLManager] INFO: = Progress: 16.08% (1035/6437), Running for 00:00:52, ETA: 00:04:31
[DLManager] INFO:  - Downloaded: 45.06 MiB, Written: 412.28 MiB
[DLManager] INFO:  - Cache usage: 51.00 MiB, active tasks: 32
[DLManager] INFO:  + Download	- 2.52 MiB/s (raw) / 3.00 MiB/s (decompressed)
[DLManager] INFO:  + Disk	- 0.11 MiB/s (write) / 0.00 MiB/s (read)
[DLManager] INFO: = Progress: 16.08% (1035/6437), Running for 00:00:53, ETA: 00:04:37
[DLManager] INFO:  - Downloaded: 45.90 MiB, Written: 412.28 MiB
[DLManager] INFO:  - Cache usage: 52.00 MiB, active tasks: 32
[DLManager] INFO:  + Download	- 0.84 MiB/s (raw) / 1.00 MiB/s (decompressed)
[DLManager] INFO:  + Disk	- 0.00 MiB/s (write) / 0.00 MiB/s (read)
[DLManager] INFO: = Progress: 16.08% (1035/6437), Running for 00:00:54, ETA: 00:04:42
[DLManager] INFO:  - Downloaded: 48.36 MiB, Written: 412.28 MiB
[DLManager] INFO:  - Cache usage: 55.00 MiB, active tasks: 32
[DLManager] INFO:  + Download	- 2.46 MiB/s (raw) / 3.00 MiB/s (decompressed)
[DLManager] INFO:  + Disk	- 0.00 MiB/s (write) / 0.00 MiB/s (read)
[DLManager] INFO: = Progress: 16.08% (1035/6437), Running for 00:00:55, ETA: 00:04:47
[DLManager] INFO:  - Downloaded: 49.31 MiB, Written: 412.28 MiB
[DLManager] INFO:  - Cache usage: 56.00 MiB, active tasks: 32
[DLManager] INFO:  + Download	- 0.95 MiB/s (raw) / 1.00 MiB/s (decompressed)
[DLManager] INFO:  + Disk	- 0.00 MiB/s (write) / 0.00 MiB/s (read)
[DLManager] INFO: = Progress: 16.08% (1035/6437), Running for 00:00:56, ETA: 00:04:52
[DLManager] INFO:  - Downloaded: 50.13 MiB, Written: 412.28 MiB
[DLManager] INFO:  - Cache usage: 57.00 MiB, active tasks: 32
[DLManager] INFO:  + Download	- 0.82 MiB/s (raw) / 1.00 MiB/s (decompressed)
[DLManager] INFO:  + Disk	- 0.00 MiB/s (write) / 0.00 MiB/s (read)
[DLManager] INFO: = Progress: 16.08% (1035/6437), Running for 00:00:57, ETA: 00:04:58
[DLManager] INFO:  - Downloaded: 50.13 MiB, Written: 412.28 MiB
[DLManager] INFO:  - Cache usage: 57.00 MiB, active tasks: 32
[DLManager] INFO:  + Download	- 0.00 MiB/s (raw) / 0.00 MiB/s (decompressed)
[DLManager] INFO:  + Disk	- 0.00 MiB/s (write) / 0.00 MiB/s (read)
[DLManager] INFO: = Progress: 17.80% (1146/6437), Running for 00:00:58, ETA: 00:04:28
[DLManager] INFO:  - Downloaded: 51.63 MiB, Written: 422.25 MiB
[DLManager] INFO:  - Cache usage: 42.00 MiB, active tasks: 32
[DLManager] INFO:  + Download	- 1.50 MiB/s (raw) / 2.00 MiB/s (decompressed)
[DLManager] INFO:  + Disk	- 9.96 MiB/s (write) / 0.50 MiB/s (read)
[DLManager] INFO: = Progress: 17.80% (1146/6437), Running for 00:00:59, ETA: 00:04:32
[DLManager] INFO:  - Downloaded: 52.21 MiB, Written: 422.25 MiB
[DLManager] INFO:  - Cache usage: 43.00 MiB, active tasks: 32
[DLManager] INFO:  + Download	- 0.58 MiB/s (raw) / 1.00 MiB/s (decompressed)
[DLManager] INFO:  + Disk	- 0.00 MiB/s (write) / 0.00 MiB/s (read)
[DLManager] INFO: = Progress: 17.80% (1146/6437), Running for 00:01:00, ETA: 00:04:37
[DLManager] INFO:  - Downloaded: 52.21 MiB, Written: 422.25 MiB
[DLManager] INFO:  - Cache usage: 43.00 MiB, active tasks: 32
[DLManager] INFO:  + Download	- 0.00 MiB/s (raw) / 0.00 MiB/s (decompressed)
[DLManager] INFO:  + Disk	- 0.00 MiB/s (write) / 0.00 MiB/s (read)
[DLManager] INFO: = Progress: 17.80% (1146/6437), Running for 00:01:01, ETA: 00:04:42
[DLManager] INFO:  - Downloaded: 52.21 MiB, Written: 422.25 MiB
[DLManager] INFO:  - Cache usage: 43.00 MiB, active tasks: 32
[DLManager] INFO:  + Download	- 0.00 MiB/s (raw) / 0.00 MiB/s (decompressed)
[DLManager] INFO:  + Disk	- 0.00 MiB/s (write) / 0.00 MiB/s (read)
[DLManager] INFO: = Progress: 17.80% (1146/6437), Running for 00:01:02, ETA: 00:04:46
[DLManager] INFO:  - Downloaded: 53.48 MiB, Written: 422.25 MiB
[DLManager] INFO:  - Cache usage: 45.00 MiB, active tasks: 32
[DLManager] INFO:  + Download	- 1.27 MiB/s (raw) / 2.00 MiB/s (decompressed)
[DLManager] INFO:  + Disk	- 0.00 MiB/s (write) / 0.00 MiB/s (read)
[DLManager] INFO: = Progress: 17.93% (1154/6437), Running for 00:01:03, ETA: 00:04:48
[DLManager] INFO:  - Downloaded: 54.32 MiB, Written: 423.35 MiB
[DLManager] INFO:  - Cache usage: 43.00 MiB, active tasks: 32
[DLManager] INFO:  + Download	- 0.83 MiB/s (raw) / 1.00 MiB/s (decompressed)
[DLManager] INFO:  + Disk	- 1.10 MiB/s (write) / 0.02 MiB/s (read)
[DLManager] INFO: = Progress: 17.93% (1154/6437), Running for 00:01:04, ETA: 00:04:53
[DLManager] INFO:  - Downloaded: 55.22 MiB, Written: 423.35 MiB
[DLManager] INFO:  - Cache usage: 44.00 MiB, active tasks: 32
[DLManager] INFO:  + Download	- 0.90 MiB/s (raw) / 1.00 MiB/s (decompressed)
[DLManager] INFO:  + Disk	- 0.00 MiB/s (write) / 0.00 MiB/s (read)
[DLManager] INFO: = Progress: 17.93% (1154/6437), Running for 00:01:05, ETA: 00:04:58
[DLManager] INFO:  - Downloaded: 55.22 MiB, Written: 423.35 MiB
[DLManager] INFO:  - Cache usage: 44.00 MiB, active tasks: 32
[DLManager] INFO:  + Download	- 0.00 MiB/s (raw) / 0.00 MiB/s (decompressed)
[DLManager] INFO:  + Disk	- 0.00 MiB/s (write) / 0.00 MiB/s (read)
[DLManager] INFO: = Progress: 17.93% (1154/6437), Running for 00:01:06, ETA: 00:05:02
[DLManager] INFO:  - Downloaded: 56.88 MiB, Written: 423.35 MiB
[DLManager] INFO:  - Cache usage: 46.00 MiB, active tasks: 32
[DLManager] INFO:  + Download	- 1.66 MiB/s (raw) / 2.00 MiB/s (decompressed)
[DLManager] INFO:  + Disk	- 0.00 MiB/s (write) / 0.00 MiB/s (read)
[DLManager] INFO: = Progress: 17.93% (1154/6437), Running for 00:01:07, ETA: 00:05:07
[DLManager] INFO:  - Downloaded: 59.54 MiB, Written: 423.35 MiB
[DLManager] INFO:  - Cache usage: 49.00 MiB, active tasks: 32
[DLManager] INFO:  + Download	- 2.66 MiB/s (raw) / 3.00 MiB/s (decompressed)
[DLManager] INFO:  + Disk	- 0.00 MiB/s (write) / 0.00 MiB/s (read)
[DLManager] INFO: = Progress: 17.93% (1154/6437), Running for 00:01:08, ETA: 00:05:11
[DLManager] INFO:  - Downloaded: 60.46 MiB, Written: 423.35 MiB
[DLManager] INFO:  - Cache usage: 50.00 MiB, active tasks: 32
[DLManager] INFO:  + Download	- 0.91 MiB/s (raw) / 1.00 MiB/s (decompressed)
[DLManager] INFO:  + Disk	- 0.00 MiB/s (write) / 0.00 MiB/s (read)
[DLManager] INFO: = Progress: 17.93% (1154/6437), Running for 00:01:09, ETA: 00:05:16
[DLManager] INFO:  - Downloaded: 61.36 MiB, Written: 423.35 MiB
[DLManager] INFO:  - Cache usage: 51.00 MiB, active tasks: 32
[DLManager] INFO:  + Download	- 0.89 MiB/s (raw) / 1.00 MiB/s (decompressed)
[DLManager] INFO:  + Disk	- 0.00 MiB/s (write) / 0.00 MiB/s (read)
[DLManager] INFO: = Progress: 19.62% (1263/6437), Running for 00:01:10, ETA: 00:04:47
[DLManager] INFO:  - Downloaded: 63.06 MiB, Written: 457.59 MiB
[DLManager] INFO:  - Cache usage: 50.00 MiB, active tasks: 32
[DLManager] INFO:  + Download	- 1.70 MiB/s (raw) / 2.00 MiB/s (decompressed)
[DLManager] INFO:  + Disk	- 34.18 MiB/s (write) / 32.90 MiB/s (read)
[DLManager] INFO: = Progress: 26.01% (1674/6437), Running for 00:01:11, ETA: 00:03:22
[DLManager] INFO:  - Downloaded: 63.06 MiB, Written: 615.17 MiB
[DLManager] INFO:  - Cache usage: 40.00 MiB, active tasks: 32
[DLManager] INFO:  + Download	- 0.00 MiB/s (raw) / 0.00 MiB/s (decompressed)
[DLManager] INFO:  + Disk	- 157.36 MiB/s (write) / 149.01 MiB/s (read)
[DLManager] INFO: = Progress: 26.01% (1674/6437), Running for 00:01:12, ETA: 00:03:25
[DLManager] INFO:  - Downloaded: 63.06 MiB, Written: 615.17 MiB
[DLManager] INFO:  - Cache usage: 40.00 MiB, active tasks: 32
[DLManager] INFO:  + Download	- 0.00 MiB/s (raw) / 0.00 MiB/s (decompressed)
[DLManager] INFO:  + Disk	- 0.00 MiB/s (write) / 0.00 MiB/s (read)
[DLManager] INFO: = Progress: 26.01% (1674/6437), Running for 00:01:13, ETA: 00:03:28
[DLManager] INFO:  - Downloaded: 64.04 MiB, Written: 615.17 MiB
[DLManager] INFO:  - Cache usage: 41.00 MiB, active tasks: 32
[DLManager] INFO:  + Download	- 0.98 MiB/s (raw) / 1.00 MiB/s (decompressed)
[DLManager] INFO:  + Disk	- 0.00 MiB/s (write) / 0.00 MiB/s (read)
[DLManager] INFO: = Progress: 26.01% (1674/6437), Running for 00:01:14, ETA: 00:03:30
[DLManager] INFO:  - Downloaded: 64.78 MiB, Written: 615.17 MiB
[DLManager] INFO:  - Cache usage: 42.00 MiB, active tasks: 32
[DLManager] INFO:  + Download	- 0.74 MiB/s (raw) / 1.00 MiB/s (decompressed)
[DLManager] INFO:  + Disk	- 0.00 MiB/s (write) / 0.00 MiB/s (read)
[DLManager] INFO: = Progress: 26.01% (1674/6437), Running for 00:01:15, ETA: 00:03:33
[DLManager] INFO:  - Downloaded: 64.78 MiB, Written: 615.17 MiB
[DLManager] INFO:  - Cache usage: 42.00 MiB, active tasks: 32
[DLManager] INFO:  + Download	- 0.00 MiB/s (raw) / 0.00 MiB/s (decompressed)
[DLManager] INFO:  + Disk	- 0.00 MiB/s (write) / 0.00 MiB/s (read)
[DLManager] INFO: = Progress: 29.00% (1867/6437), Running for 00:01:16, ETA: 00:03:06
[DLManager] INFO:  - Downloaded: 67.55 MiB, Written: 726.99 MiB
[DLManager] INFO:  - Cache usage: 40.00 MiB, active tasks: 32
[DLManager] INFO:  + Download	- 2.76 MiB/s (raw) / 3.00 MiB/s (decompressed)
[DLManager] INFO:  + Disk	- 111.64 MiB/s (write) / 109.45 MiB/s (read)
[DLManager] INFO: = Progress: 29.00% (1867/6437), Running for 00:01:17, ETA: 00:03:08
[DLManager] INFO:  - Downloaded: 67.55 MiB, Written: 726.99 MiB
[DLManager] INFO:  - Cache usage: 40.00 MiB, active tasks: 32
[DLManager] INFO:  + Download	- 0.00 MiB/s (raw) / 0.00 MiB/s (decompressed)
[DLManager] INFO:  + Disk	- 0.00 MiB/s (write) / 0.00 MiB/s (read)
[DLManager] INFO: = Progress: 29.00% (1867/6437), Running for 00:01:18, ETA: 00:03:11
[DLManager] INFO:  - Downloaded: 68.52 MiB, Written: 726.99 MiB
[DLManager] INFO:  - Cache usage: 41.00 MiB, active tasks: 32
[DLManager] INFO:  + Download	- 0.97 MiB/s (raw) / 1.00 MiB/s (decompressed)
[DLManager] INFO:  + Disk	- 0.00 MiB/s (write) / 0.00 MiB/s (read)
[DLManager] INFO: = Progress: 29.00% (1867/6437), Running for 00:01:19, ETA: 00:03:13
[DLManager] INFO:  - Downloaded: 68.52 MiB, Written: 726.99 MiB
[DLManager] INFO:  - Cache usage: 41.00 MiB, active tasks: 32
[DLManager] INFO:  + Download	- 0.00 MiB/s (raw) / 0.00 MiB/s (decompressed)
[DLManager] INFO:  + Disk	- 0.00 MiB/s (write) / 0.00 MiB/s (read)
[DLManager] INFO: = Progress: 29.00% (1867/6437), Running for 00:01:20, ETA: 00:03:16
[DLManager] INFO:  - Downloaded: 69.51 MiB, Written: 726.99 MiB
[DLManager] INFO:  - Cache usage: 42.00 MiB, active tasks: 32
[DLManager] INFO:  + Download	- 0.99 MiB/s (raw) / 1.00 MiB/s (decompressed)
[DLManager] INFO:  + Disk	- 0.00 MiB/s (write) / 0.00 MiB/s (read)
[DLManager] INFO: = Progress: 29.00% (1867/6437), Running for 00:01:21, ETA: 00:03:18
[DLManager] INFO:  - Downloaded: 69.51 MiB, Written: 726.99 MiB
[DLManager] INFO:  - Cache usage: 42.00 MiB, active tasks: 32
[DLManager] INFO:  + Download	- 0.00 MiB/s (raw) / 0.00 MiB/s (decompressed)
[DLManager] INFO:  + Disk	- 0.00 MiB/s (write) / 0.00 MiB/s (read)
[DLManager] INFO: = Progress: 29.00% (1867/6437), Running for 00:01:22, ETA: 00:03:21
[DLManager] INFO:  - Downloaded: 71.16 MiB, Written: 726.99 MiB
[DLManager] INFO:  - Cache usage: 44.00 MiB, active tasks: 32
[DLManager] INFO:  + Download	- 1.65 MiB/s (raw) / 2.00 MiB/s (decompressed)
[DLManager] INFO:  + Disk	- 0.00 MiB/s (write) / 0.00 MiB/s (read)
[DLManager] INFO: = Progress: 29.00% (1867/6437), Running for 00:01:23, ETA: 00:03:23
[DLManager] INFO:  - Downloaded: 72.69 MiB, Written: 726.99 MiB
[DLManager] INFO:  - Cache usage: 46.00 MiB, active tasks: 32
[DLManager] INFO:  + Download	- 1.53 MiB/s (raw) / 2.00 MiB/s (decompressed)
[DLManager] INFO:  + Disk	- 0.00 MiB/s (write) / 0.00 MiB/s (read)
[DLWorker 5] WARNING: Chunk download for 160662116165413177799029743362301497032 failed: (ConnectionError(ReadTimeoutError("HTTPSConnectionPool(host='epicgames-download1.akamaized.net', port=443): Read timed out."))), retrying...
[DLManager] INFO: = Progress: 29.00% (1867/6437), Running for 00:01:24, ETA: 00:03:25
[DLManager] INFO:  - Downloaded: 73.29 MiB, Written: 726.99 MiB
[DLManager] INFO:  - Cache usage: 47.00 MiB, active tasks: 32
[DLManager] INFO:  + Download	- 0.60 MiB/s (raw) / 1.00 MiB/s (decompressed)
[DLManager] INFO:  + Disk	- 0.00 MiB/s (write) / 0.00 MiB/s (read)
[DLManager] INFO: = Progress: 29.00% (1867/6437), Running for 00:01:25, ETA: 00:03:28
[DLManager] INFO:  - Downloaded: 73.29 MiB, Written: 726.99 MiB
[DLManager] INFO:  - Cache usage: 47.00 MiB, active tasks: 32
[DLManager] INFO:  + Download	- 0.00 MiB/s (raw) / 0.00 MiB/s (decompressed)
[DLManager] INFO:  + Disk	- 0.00 MiB/s (write) / 0.00 MiB/s (read)
[FileWorker] WARNING: Writer queue empty!
[DLManager] INFO: = Progress: 29.00% (1867/6437), Running for 00:01:26, ETA: 00:03:30
[DLManager] INFO:  - Downloaded: 73.98 MiB, Written: 726.99 MiB
[DLManager] INFO:  - Cache usage: 48.00 MiB, active tasks: 32
[DLManager] INFO:  + Download	- 0.70 MiB/s (raw) / 1.00 MiB/s (decompressed)
[DLManager] INFO:  + Disk	- 0.00 MiB/s (write) / 0.00 MiB/s (read)
[DLManager] INFO: = Progress: 29.00% (1867/6437), Running for 00:01:27, ETA: 00:03:33
[DLManager] INFO:  - Downloaded: 73.98 MiB, Written: 726.99 MiB
[DLManager] INFO:  - Cache usage: 48.00 MiB, active tasks: 32
[DLManager] INFO:  + Download	- 0.00 MiB/s (raw) / 0.00 MiB/s (decompressed)
[DLManager] INFO:  + Disk	- 0.00 MiB/s (write) / 0.00 MiB/s (read)
[DLManager] INFO: = Progress: 29.00% (1867/6437), Running for 00:01:28, ETA: 00:03:35
[DLManager] INFO:  - Downloaded: 75.52 MiB, Written: 726.99 MiB
[DLManager] INFO:  - Cache usage: 50.00 MiB, active tasks: 32
[DLManager] INFO:  + Download	- 1.54 MiB/s (raw) / 2.00 MiB/s (decompressed)
[DLManager] INFO:  + Disk	- 0.00 MiB/s (write) / 0.00 MiB/s (read)
[DLManager] INFO: = Progress: 29.00% (1867/6437), Running for 00:01:29, ETA: 00:03:38
[DLManager] INFO:  - Downloaded: 76.26 MiB, Written: 726.99 MiB
[DLManager] INFO:  - Cache usage: 51.00 MiB, active tasks: 32
[DLManager] INFO:  + Download	- 0.73 MiB/s (raw) / 1.00 MiB/s (decompressed)
[DLManager] INFO:  + Disk	- 0.00 MiB/s (write) / 0.00 MiB/s (read)
[DLManager] INFO: = Progress: 29.00% (1867/6437), Running for 00:01:30, ETA: 00:03:40
[DLManager] INFO:  - Downloaded: 76.26 MiB, Written: 726.99 MiB
[DLManager] INFO:  - Cache usage: 51.00 MiB, active tasks: 32
[DLManager] INFO:  + Download	- 0.00 MiB/s (raw) / 0.00 MiB/s (decompressed)
[DLManager] INFO:  + Disk	- 0.00 MiB/s (write) / 0.00 MiB/s (read)
[DLManager] INFO: = Progress: 29.00% (1867/6437), Running for 00:01:31, ETA: 00:03:43
[DLManager] INFO:  - Downloaded: 76.26 MiB, Written: 726.99 MiB
[DLManager] INFO:  - Cache usage: 51.00 MiB, active tasks: 32
[DLManager] INFO:  + Download	- 0.00 MiB/s (raw) / 0.00 MiB/s (decompressed)
[DLManager] INFO:  + Disk	- 0.00 MiB/s (write) / 0.00 MiB/s (read)
[DLManager] INFO: = Progress: 29.00% (1867/6437), Running for 00:01:32, ETA: 00:03:45
[DLManager] INFO:  - Downloaded: 76.93 MiB, Written: 726.99 MiB
[DLManager] INFO:  - Cache usage: 52.00 MiB, active tasks: 32
[DLManager] INFO:  + Download	- 0.68 MiB/s (raw) / 1.00 MiB/s (decompressed)
[DLManager] INFO:  + Disk	- 0.00 MiB/s (write) / 0.00 MiB/s (read)
[DLManager] INFO: = Progress: 29.00% (1867/6437), Running for 00:01:33, ETA: 00:03:48
[DLManager] INFO:  - Downloaded: 77.87 MiB, Written: 726.99 MiB
[DLManager] INFO:  - Cache usage: 53.00 MiB, active tasks: 32
[DLManager] INFO:  + Download	- 0.93 MiB/s (raw) / 1.00 MiB/s (decompressed)
[DLManager] INFO:  + Disk	- 0.00 MiB/s (write) / 0.00 MiB/s (read)
[DLManager] INFO: = Progress: 29.00% (1867/6437), Running for 00:01:34, ETA: 00:03:50
[DLManager] INFO:  - Downloaded: 78.76 MiB, Written: 726.99 MiB
[DLManager] INFO:  - Cache usage: 54.00 MiB, active tasks: 32
[DLManager] INFO:  + Download	- 0.89 MiB/s (raw) / 1.00 MiB/s (decompressed)
[DLManager] INFO:  + Disk	- 0.00 MiB/s (write) / 0.00 MiB/s (read)
[DLManager] INFO: = Progress: 29.00% (1867/6437), Running for 00:01:35, ETA: 00:03:52
[DLManager] INFO:  - Downloaded: 79.64 MiB, Written: 726.99 MiB
[DLManager] INFO:  - Cache usage: 55.00 MiB, active tasks: 32
[DLManager] INFO:  + Download	- 0.89 MiB/s (raw) / 1.00 MiB/s (decompressed)
[DLManager] INFO:  + Disk	- 0.00 MiB/s (write) / 0.00 MiB/s (read)
[DLManager] INFO: = Progress: 36.79% (2368/6437), Running for 00:01:36, ETA: 00:02:45
[DLManager] INFO:  - Downloaded: 83.13 MiB, Written: 917.09 MiB
[DLManager] INFO:  - Cache usage: 45.00 MiB, active tasks: 32
[DLManager] INFO:  + Download	- 3.49 MiB/s (raw) / 3.99 MiB/s (decompressed)
[DLManager] INFO:  + Disk	- 189.80 MiB/s (write) / 179.96 MiB/s (read)
[DLManager] INFO: = Progress: 36.79% (2368/6437), Running for 00:01:37, ETA: 00:02:46
[DLManager] INFO:  - Downloaded: 84.85 MiB, Written: 917.09 MiB
[DLManager] INFO:  - Cache usage: 47.00 MiB, active tasks: 32
[DLManager] INFO:  + Download	- 1.72 MiB/s (raw) / 2.00 MiB/s (decompressed)
[DLManager] INFO:  + Disk	- 0.00 MiB/s (write) / 0.00 MiB/s (read)
[DLManager] INFO: = Progress: 36.79% (2368/6437), Running for 00:01:38, ETA: 00:02:48
[DLManager] INFO:  - Downloaded: 86.64 MiB, Written: 917.09 MiB
[DLManager] INFO:  - Cache usage: 49.00 MiB, active tasks: 32
[DLManager] INFO:  + Download	- 1.79 MiB/s (raw) / 2.00 MiB/s (decompressed)
[DLManager] INFO:  + Disk	- 0.00 MiB/s (write) / 0.00 MiB/s (read)
[DLManager] INFO: = Progress: 36.79% (2368/6437), Running for 00:01:39, ETA: 00:02:50
[DLManager] INFO:  - Downloaded: 86.64 MiB, Written: 917.09 MiB
[DLManager] INFO:  - Cache usage: 49.00 MiB, active tasks: 32
[DLManager] INFO:  + Download	- 0.00 MiB/s (raw) / 0.00 MiB/s (decompressed)
[DLManager] INFO:  + Disk	- 0.00 MiB/s (write) / 0.00 MiB/s (read)
[DLManager] INFO: = Progress: 36.79% (2368/6437), Running for 00:01:40, ETA: 00:02:52
[DLManager] INFO:  - Downloaded: 86.64 MiB, Written: 917.09 MiB
[DLManager] INFO:  - Cache usage: 49.00 MiB, active tasks: 32
[DLManager] INFO:  + Download	- 0.00 MiB/s (raw) / 0.00 MiB/s (decompressed)
[DLManager] INFO:  + Disk	- 0.00 MiB/s (write) / 0.00 MiB/s (read)
[DLManager] INFO: = Progress: 36.79% (2368/6437), Running for 00:01:41, ETA: 00:02:53
[DLManager] INFO:  - Downloaded: 87.54 MiB, Written: 917.09 MiB
[DLManager] INFO:  - Cache usage: 50.00 MiB, active tasks: 32
[DLManager] INFO:  + Download	- 0.90 MiB/s (raw) / 1.00 MiB/s (decompressed)
[DLManager] INFO:  + Disk	- 0.00 MiB/s (write) / 0.00 MiB/s (read)
[DLManager] INFO: = Progress: 36.79% (2368/6437), Running for 00:01:42, ETA: 00:02:55
[DLManager] INFO:  - Downloaded: 87.54 MiB, Written: 917.09 MiB
[DLManager] INFO:  - Cache usage: 50.00 MiB, active tasks: 32
[DLManager] INFO:  + Download	- 0.00 MiB/s (raw) / 0.00 MiB/s (decompressed)
[DLManager] INFO:  + Disk	- 0.00 MiB/s (write) / 0.00 MiB/s (read)
[DLManager] INFO: = Progress: 36.79% (2368/6437), Running for 00:01:43, ETA: 00:02:57
[DLManager] INFO:  - Downloaded: 88.43 MiB, Written: 917.09 MiB
[DLManager] INFO:  - Cache usage: 51.00 MiB, active tasks: 32
[DLManager] INFO:  + Download	- 0.89 MiB/s (raw) / 1.00 MiB/s (decompressed)
[DLManager] INFO:  + Disk	- 0.00 MiB/s (write) / 0.00 MiB/s (read)
[DLManager] INFO: = Progress: 36.79% (2368/6437), Running for 00:01:44, ETA: 00:02:58
[DLManager] INFO:  - Downloaded: 88.43 MiB, Written: 917.09 MiB
[DLManager] INFO:  - Cache usage: 51.00 MiB, active tasks: 32
[DLManager] INFO:  + Download	- 0.00 MiB/s (raw) / 0.00 MiB/s (decompressed)
[DLManager] INFO:  + Disk	- 0.00 MiB/s (write) / 0.00 MiB/s (read)
[DLManager] INFO: = Progress: 36.79% (2368/6437), Running for 00:01:45, ETA: 00:03:00
[DLManager] INFO:  - Downloaded: 90.17 MiB, Written: 917.09 MiB
[DLManager] INFO:  - Cache usage: 53.00 MiB, active tasks: 32
[DLManager] INFO:  + Download	- 1.73 MiB/s (raw) / 2.00 MiB/s (decompressed)
[DLManager] INFO:  + Disk	- 0.00 MiB/s (write) / 0.00 MiB/s (read)
[FileWorker] WARNING: Writer queue empty!
[DLManager] INFO: = Progress: 36.79% (2368/6437), Running for 00:01:46, ETA: 00:03:02
[DLManager] INFO:  - Downloaded: 91.05 MiB, Written: 917.09 MiB
[DLManager] INFO:  - Cache usage: 54.00 MiB, active tasks: 32
[DLManager] INFO:  + Download	- 0.88 MiB/s (raw) / 1.00 MiB/s (decompressed)
[DLManager] INFO:  + Disk	- 0.00 MiB/s (write) / 0.00 MiB/s (read)
[DLManager] INFO: = Progress: 36.79% (2368/6437), Running for 00:01:47, ETA: 00:03:04
[DLManager] INFO:  - Downloaded: 91.05 MiB, Written: 917.09 MiB
[DLManager] INFO:  - Cache usage: 54.00 MiB, active tasks: 32
[DLManager] INFO:  + Download	- 0.00 MiB/s (raw) / 0.00 MiB/s (decompressed)
[DLManager] INFO:  + Disk	- 0.00 MiB/s (write) / 0.00 MiB/s (read)
[DLManager] INFO: = Progress: 36.79% (2368/6437), Running for 00:01:48, ETA: 00:03:05
[DLManager] INFO:  - Downloaded: 91.85 MiB, Written: 917.09 MiB
[DLManager] INFO:  - Cache usage: 55.00 MiB, active tasks: 32
[DLManager] INFO:  + Download	- 0.80 MiB/s (raw) / 1.00 MiB/s (decompressed)
[DLManager] INFO:  + Disk	- 0.00 MiB/s (write) / 0.00 MiB/s (read)
[DLManager] INFO: = Progress: 36.79% (2368/6437), Running for 00:01:49, ETA: 00:03:07
[DLManager] INFO:  - Downloaded: 91.85 MiB, Written: 917.09 MiB
[DLManager] INFO:  - Cache usage: 55.00 MiB, active tasks: 32
[DLManager] INFO:  + Download	- 0.00 MiB/s (raw) / 0.00 MiB/s (decompressed)
[DLManager] INFO:  + Disk	- 0.00 MiB/s (write) / 0.00 MiB/s (read)
[DLManager] INFO: = Progress: 36.79% (2368/6437), Running for 00:01:50, ETA: 00:03:09
[DLManager] INFO:  - Downloaded: 94.51 MiB, Written: 917.09 MiB
[DLManager] INFO:  - Cache usage: 58.00 MiB, active tasks: 32
[DLManager] INFO:  + Download	- 2.66 MiB/s (raw) / 3.00 MiB/s (decompressed)
[DLManager] INFO:  + Disk	- 0.00 MiB/s (write) / 0.00 MiB/s (read)
[DLManager] INFO: = Progress: 36.79% (2368/6437), Running for 00:01:51, ETA: 00:03:11
[DLManager] INFO:  - Downloaded: 97.12 MiB, Written: 917.09 MiB
[DLManager] INFO:  - Cache usage: 61.00 MiB, active tasks: 32
[DLManager] INFO:  + Download	- 2.61 MiB/s (raw) / 3.00 MiB/s (decompressed)
[DLManager] INFO:  + Disk	- 0.00 MiB/s (write) / 0.00 MiB/s (read)
[DLManager] INFO: = Progress: 36.79% (2368/6437), Running for 00:01:52, ETA: 00:03:12
[DLManager] INFO:  - Downloaded: 97.98 MiB, Written: 917.09 MiB
[DLManager] INFO:  - Cache usage: 62.00 MiB, active tasks: 32
[DLManager] INFO:  + Download	- 0.86 MiB/s (raw) / 1.00 MiB/s (decompressed)
[DLManager] INFO:  + Disk	- 0.00 MiB/s (write) / 0.00 MiB/s (read)
[DLManager] INFO: = Progress: 36.79% (2368/6437), Running for 00:01:53, ETA: 00:03:14
[DLManager] INFO:  - Downloaded: 97.98 MiB, Written: 917.09 MiB
[DLManager] INFO:  - Cache usage: 62.00 MiB, active tasks: 32
[DLManager] INFO:  + Download	- 0.00 MiB/s (raw) / 0.00 MiB/s (decompressed)
[DLManager] INFO:  + Disk	- 0.00 MiB/s (write) / 0.00 MiB/s (read)
[DLManager] INFO: = Progress: 36.79% (2368/6437), Running for 00:01:54, ETA: 00:03:16
[DLManager] INFO:  - Downloaded: 99.39 MiB, Written: 917.09 MiB
[DLManager] INFO:  - Cache usage: 64.00 MiB, active tasks: 32
[DLManager] INFO:  + Download	- 1.40 MiB/s (raw) / 2.00 MiB/s (decompressed)
[DLManager] INFO:  + Disk	- 0.00 MiB/s (write) / 0.00 MiB/s (read)
[DLManager] INFO: = Progress: 36.79% (2368/6437), Running for 00:01:55, ETA: 00:03:17
[DLManager] INFO:  - Downloaded: 100.28 MiB, Written: 917.09 MiB
[DLManager] INFO:  - Cache usage: 65.00 MiB, active tasks: 32
[DLManager] INFO:  + Download	- 0.89 MiB/s (raw) / 1.00 MiB/s (decompressed)
[DLManager] INFO:  + Disk	- 0.00 MiB/s (write) / 0.00 MiB/s (read)
[FileWorker] WARNING: Writer queue empty!
[DLManager] INFO: = Progress: 36.79% (2368/6437), Running for 00:01:56, ETA: 00:03:19
[DLManager] INFO:  - Downloaded: 100.28 MiB, Written: 917.09 MiB
[DLManager] INFO:  - Cache usage: 65.00 MiB, active tasks: 32
[DLManager] INFO:  + Download	- 0.00 MiB/s (raw) / 0.00 MiB/s (decompressed)
[DLManager] INFO:  + Disk	- 0.00 MiB/s (write) / 0.00 MiB/s (read)
[DLManager] INFO: = Progress: 36.79% (2368/6437), Running for 00:01:57, ETA: 00:03:21
[DLManager] INFO:  - Downloaded: 100.28 MiB, Written: 917.09 MiB
[DLManager] INFO:  - Cache usage: 65.00 MiB, active tasks: 32
[DLManager] INFO:  + Download	- 0.00 MiB/s (raw) / 0.00 MiB/s (decompressed)
[DLManager] INFO:  + Disk	- 0.00 MiB/s (write) / 0.00 MiB/s (read)
[DLManager] INFO: = Progress: 48.97% (3152/6437), Running for 00:01:58, ETA: 00:02:03
[DLManager] INFO:  - Downloaded: 101.01 MiB, Written: 1107.31 MiB
[DLManager] INFO:  - Cache usage: 52.00 MiB, active tasks: 32
[DLManager] INFO:  + Download	- 0.73 MiB/s (raw) / 1.00 MiB/s (decompressed)
[DLManager] INFO:  + Disk	- 189.98 MiB/s (write) / 176.07 MiB/s (read)
[DLManager] INFO: = Progress: 48.97% (3152/6437), Running for 00:01:59, ETA: 00:02:04
[DLManager] INFO:  - Downloaded: 102.79 MiB, Written: 1107.31 MiB
[DLManager] INFO:  - Cache usage: 54.00 MiB, active tasks: 32
[DLManager] INFO:  + Download	- 1.78 MiB/s (raw) / 2.00 MiB/s (decompressed)
[DLManager] INFO:  + Disk	- 0.00 MiB/s (write) / 0.00 MiB/s (read)
[DLManager] INFO: = Progress: 48.97% (3152/6437), Running for 00:02:00, ETA: 00:02:05
[DLManager] INFO:  - Downloaded: 102.79 MiB, Written: 1107.31 MiB
[DLManager] INFO:  - Cache usage: 54.00 MiB, active tasks: 32
[DLManager] INFO:  + Download	- 0.00 MiB/s (raw) / 0.00 MiB/s (decompressed)
[DLManager] INFO:  + Disk	- 0.00 MiB/s (write) / 0.00 MiB/s (read)
[DLManager] INFO: = Progress: 48.97% (3152/6437), Running for 00:02:01, ETA: 00:02:06
[DLManager] INFO:  - Downloaded: 102.79 MiB, Written: 1107.31 MiB
[DLManager] INFO:  - Cache usage: 54.00 MiB, active tasks: 32
[DLManager] INFO:  + Download	- 0.00 MiB/s (raw) / 0.00 MiB/s (decompressed)
[DLManager] INFO:  + Disk	- 0.00 MiB/s (write) / 0.00 MiB/s (read)
[DLManager] INFO: = Progress: 48.97% (3152/6437), Running for 00:02:02, ETA: 00:02:07
[DLManager] INFO:  - Downloaded: 102.79 MiB, Written: 1107.31 MiB
[DLManager] INFO:  - Cache usage: 54.00 MiB, active tasks: 32
[DLManager] INFO:  + Download	- 0.00 MiB/s (raw) / 0.00 MiB/s (decompressed)
[DLManager] INFO:  + Disk	- 0.00 MiB/s (write) / 0.00 MiB/s (read)
[DLManager] INFO: = Progress: 48.97% (3152/6437), Running for 00:02:03, ETA: 00:02:08
[DLManager] INFO:  - Downloaded: 104.58 MiB, Written: 1107.31 MiB
[DLManager] INFO:  - Cache usage: 56.00 MiB, active tasks: 32
[DLManager] INFO:  + Download	- 1.79 MiB/s (raw) / 2.00 MiB/s (decompressed)
[DLManager] INFO:  + Disk	- 0.00 MiB/s (write) / 0.00 MiB/s (read)
[DLManager] INFO: = Progress: 48.97% (3152/6437), Running for 00:02:04, ETA: 00:02:09
[DLManager] INFO:  - Downloaded: 105.48 MiB, Written: 1107.31 MiB
[DLManager] INFO:  - Cache usage: 57.00 MiB, active tasks: 32
[DLManager] INFO:  + Download	- 0.89 MiB/s (raw) / 1.00 MiB/s (decompressed)
[DLManager] INFO:  + Disk	- 0.00 MiB/s (write) / 0.00 MiB/s (read)
[DLManager] INFO: = Progress: 48.97% (3152/6437), Running for 00:02:05, ETA: 00:02:10
[DLManager] INFO:  - Downloaded: 106.38 MiB, Written: 1107.31 MiB
[DLManager] INFO:  - Cache usage: 58.00 MiB, active tasks: 32
[DLManager] INFO:  + Download	- 0.90 MiB/s (raw) / 1.00 MiB/s (decompressed)
[DLManager] INFO:  + Disk	- 0.00 MiB/s (write) / 0.00 MiB/s (read)
[DLManager] INFO: = Progress: 48.97% (3152/6437), Running for 00:02:06, ETA: 00:02:11
[DLManager] INFO:  - Downloaded: 108.19 MiB, Written: 1107.31 MiB
[DLManager] INFO:  - Cache usage: 60.00 MiB, active tasks: 32
[DLManager] INFO:  + Download	- 1.81 MiB/s (raw) / 2.00 MiB/s (decompressed)
[DLManager] INFO:  + Disk	- 0.00 MiB/s (write) / 0.00 MiB/s (read)
[DLManager] INFO: = Progress: 48.97% (3152/6437), Running for 00:02:07, ETA: 00:02:12
[DLManager] INFO:  - Downloaded: 108.19 MiB, Written: 1107.31 MiB
[DLManager] INFO:  - Cache usage: 60.00 MiB, active tasks: 32
[DLManager] INFO:  + Download	- 0.00 MiB/s (raw) / 0.00 MiB/s (decompressed)
[DLManager] INFO:  + Disk	- 0.00 MiB/s (write) / 0.00 MiB/s (read)
[FileWorker] WARNING: Writer queue empty!
[DLManager] INFO: = Progress: 48.97% (3152/6437), Running for 00:02:08, ETA: 00:02:13
[DLManager] INFO:  - Downloaded: 109.97 MiB, Written: 1107.31 MiB
[DLManager] INFO:  - Cache usage: 62.00 MiB, active tasks: 32
[DLManager] INFO:  + Download	- 1.78 MiB/s (raw) / 2.00 MiB/s (decompressed)
[DLManager] INFO:  + Disk	- 0.00 MiB/s (write) / 0.00 MiB/s (read)
[DLManager] INFO: = Progress: 48.97% (3152/6437), Running for 00:02:09, ETA: 00:02:14
[DLManager] INFO:  - Downloaded: 110.85 MiB, Written: 1107.31 MiB
[DLManager] INFO:  - Cache usage: 63.00 MiB, active tasks: 32
[DLManager] INFO:  + Download	- 0.88 MiB/s (raw) / 1.00 MiB/s (decompressed)
[DLManager] INFO:  + Disk	- 0.00 MiB/s (write) / 0.00 MiB/s (read)
[DLManager] INFO: = Progress: 48.97% (3152/6437), Running for 00:02:10, ETA: 00:02:15
[DLManager] INFO:  - Downloaded: 111.91 MiB, Written: 1107.31 MiB
[DLManager] INFO:  - Cache usage: 65.00 MiB, active tasks: 32
[DLManager] INFO:  + Download	- 1.06 MiB/s (raw) / 2.00 MiB/s (decompressed)
[DLManager] INFO:  + Disk	- 0.00 MiB/s (write) / 0.00 MiB/s (read)
[DLManager] INFO: = Progress: 48.97% (3152/6437), Running for 00:02:11, ETA: 00:02:16
[DLManager] INFO:  - Downloaded: 114.61 MiB, Written: 1107.31 MiB
[DLManager] INFO:  - Cache usage: 68.00 MiB, active tasks: 32
[DLManager] INFO:  + Download	- 2.69 MiB/s (raw) / 3.00 MiB/s (decompressed)
[DLManager] INFO:  + Disk	- 0.00 MiB/s (write) / 0.00 MiB/s (read)
[DLManager] INFO: = Progress: 49.65% (3196/6437), Running for 00:02:12, ETA: 00:02:14
[DLManager] INFO:  - Downloaded: 116.42 MiB, Written: 1146.23 MiB
[DLManager] INFO:  - Cache usage: 44.00 MiB, active tasks: 32
[DLManager] INFO:  + Download	- 1.80 MiB/s (raw) / 2.00 MiB/s (decompressed)
[DLManager] INFO:  + Disk	- 38.85 MiB/s (write) / 12.89 MiB/s (read)
[DLManager] INFO: = Progress: 49.65% (3196/6437), Running for 00:02:13, ETA: 00:02:15
[DLManager] INFO:  - Downloaded: 116.42 MiB, Written: 1146.23 MiB
[DLManager] INFO:  - Cache usage: 44.00 MiB, active tasks: 32
[DLManager] INFO:  + Download	- 0.00 MiB/s (raw) / 0.00 MiB/s (decompressed)
[DLManager] INFO:  + Disk	- 0.00 MiB/s (write) / 0.00 MiB/s (read)
[DLManager] INFO: = Progress: 49.65% (3196/6437), Running for 00:02:14, ETA: 00:02:16
[DLManager] INFO:  - Downloaded: 117.34 MiB, Written: 1146.23 MiB
[DLManager] INFO:  - Cache usage: 45.00 MiB, active tasks: 32
[DLManager] INFO:  + Download	- 0.92 MiB/s (raw) / 1.00 MiB/s (decompressed)
[DLManager] INFO:  + Disk	- 0.00 MiB/s (write) / 0.00 MiB/s (read)
[DLManager] INFO: = Progress: 49.65% (3196/6437), Running for 00:02:15, ETA: 00:02:17
[DLManager] INFO:  - Downloaded: 118.81 MiB, Written: 1146.23 MiB
[DLManager] INFO:  - Cache usage: 47.00 MiB, active tasks: 32
[DLManager] INFO:  + Download	- 1.47 MiB/s (raw) / 2.00 MiB/s (decompressed)
[DLManager] INFO:  + Disk	- 0.00 MiB/s (write) / 0.00 MiB/s (read)
[DLManager] INFO: = Progress: 49.65% (3196/6437), Running for 00:02:16, ETA: 00:02:18
[DLManager] INFO:  - Downloaded: 118.81 MiB, Written: 1146.23 MiB
[DLManager] INFO:  - Cache usage: 47.00 MiB, active tasks: 32
[DLManager] INFO:  + Download	- 0.00 MiB/s (raw) / 0.00 MiB/s (decompressed)
[DLManager] INFO:  + Disk	- 0.00 MiB/s (write) / 0.00 MiB/s (read)
[DLManager] INFO: = Progress: 49.65% (3196/6437), Running for 00:02:17, ETA: 00:02:19
[DLManager] INFO:  - Downloaded: 118.81 MiB, Written: 1146.23 MiB
[DLManager] INFO:  - Cache usage: 47.00 MiB, active tasks: 32
[DLManager] INFO:  + Download	- 0.00 MiB/s (raw) / 0.00 MiB/s (decompressed)
[DLManager] INFO:  + Disk	- 0.00 MiB/s (write) / 0.00 MiB/s (read)
[DLManager] INFO: = Progress: 49.65% (3196/6437), Running for 00:02:18, ETA: 00:02:20
[DLManager] INFO:  - Downloaded: 118.81 MiB, Written: 1146.23 MiB
[DLManager] INFO:  - Cache usage: 47.00 MiB, active tasks: 32
[DLManager] INFO:  + Download	- 0.00 MiB/s (raw) / 0.00 MiB/s (decompressed)
[DLManager] INFO:  + Disk	- 0.00 MiB/s (write) / 0.00 MiB/s (read)
[DLManager] INFO: = Progress: 49.65% (3196/6437), Running for 00:02:19, ETA: 00:02:21
[DLManager] INFO:  - Downloaded: 119.42 MiB, Written: 1146.23 MiB
[DLManager] INFO:  - Cache usage: 48.00 MiB, active tasks: 32
[DLManager] INFO:  + Download	- 0.60 MiB/s (raw) / 1.00 MiB/s (decompressed)
[DLManager] INFO:  + Disk	- 0.00 MiB/s (write) / 0.00 MiB/s (read)
[DLManager] INFO: = Progress: 49.65% (3196/6437), Running for 00:02:20, ETA: 00:02:22
[DLManager] INFO:  - Downloaded: 121.21 MiB, Written: 1146.23 MiB
[DLManager] INFO:  - Cache usage: 50.00 MiB, active tasks: 32
[DLManager] INFO:  + Download	- 1.79 MiB/s (raw) / 2.00 MiB/s (decompressed)
[DLManager] INFO:  + Disk	- 0.00 MiB/s (write) / 0.00 MiB/s (read)
[DLManager] INFO: = Progress: 49.65% (3196/6437), Running for 00:02:21, ETA: 00:02:23
[DLManager] INFO:  - Downloaded: 122.11 MiB, Written: 1146.23 MiB
[DLManager] INFO:  - Cache usage: 51.00 MiB, active tasks: 32
[DLManager] INFO:  + Download	- 0.90 MiB/s (raw) / 1.00 MiB/s (decompressed)
[DLManager] INFO:  + Disk	- 0.00 MiB/s (write) / 0.00 MiB/s (read)
[FileWorker] WARNING: Writer queue empty!
[DLManager] INFO: = Progress: 49.65% (3196/6437), Running for 00:02:22, ETA: 00:02:24
[DLManager] INFO:  - Downloaded: 123.89 MiB, Written: 1146.23 MiB
[DLManager] INFO:  - Cache usage: 53.00 MiB, active tasks: 32
[DLManager] INFO:  + Download	- 1.78 MiB/s (raw) / 2.00 MiB/s (decompressed)
[DLManager] INFO:  + Disk	- 0.00 MiB/s (write) / 0.00 MiB/s (read)
[DLManager] INFO: = Progress: 55.62% (3580/6437), Running for 00:02:23, ETA: 00:01:54
[DLManager] INFO:  - Downloaded: 126.36 MiB, Written: 1190.86 MiB
[DLManager] INFO:  - Cache usage: 51.00 MiB, active tasks: 32
[DLManager] INFO:  + Download	- 2.46 MiB/s (raw) / 3.00 MiB/s (decompressed)
[DLManager] INFO:  + Disk	- 44.56 MiB/s (write) / 42.46 MiB/s (read)
[DLManager] INFO: = Progress: 55.62% (3580/6437), Running for 00:02:24, ETA: 00:01:55
[DLManager] INFO:  - Downloaded: 127.29 MiB, Written: 1190.86 MiB
[DLManager] INFO:  - Cache usage: 52.00 MiB, active tasks: 32
[DLManager] INFO:  + Download	- 0.93 MiB/s (raw) / 1.00 MiB/s (decompressed)
[DLManager] INFO:  + Disk	- 0.00 MiB/s (write) / 0.00 MiB/s (read)
[DLManager] INFO: = Progress: 55.62% (3580/6437), Running for 00:02:25, ETA: 00:01:55
[DLManager] INFO:  - Downloaded: 127.29 MiB, Written: 1190.86 MiB
[DLManager] INFO:  - Cache usage: 52.00 MiB, active tasks: 32
[DLManager] INFO:  + Download	- 0.00 MiB/s (raw) / 0.00 MiB/s (decompressed)
[DLManager] INFO:  + Disk	- 0.00 MiB/s (write) / 0.00 MiB/s (read)
[DLManager] INFO: = Progress: 55.62% (3580/6437), Running for 00:02:26, ETA: 00:01:56
[DLManager] INFO:  - Downloaded: 129.16 MiB, Written: 1190.86 MiB
[DLManager] INFO:  - Cache usage: 54.00 MiB, active tasks: 32
[DLManager] INFO:  + Download	- 1.87 MiB/s (raw) / 2.00 MiB/s (decompressed)
[DLManager] INFO:  + Disk	- 0.00 MiB/s (write) / 0.00 MiB/s (read)
[DLManager] INFO: = Progress: 55.62% (3580/6437), Running for 00:02:27, ETA: 00:01:57
[DLManager] INFO:  - Downloaded: 129.79 MiB, Written: 1190.86 MiB
[DLManager] INFO:  - Cache usage: 55.00 MiB, active tasks: 32
[DLManager] INFO:  + Download	- 0.63 MiB/s (raw) / 1.00 MiB/s (decompressed)
[DLManager] INFO:  + Disk	- 0.00 MiB/s (write) / 0.00 MiB/s (read)
[DLManager] INFO: = Progress: 55.62% (3580/6437), Running for 00:02:28, ETA: 00:01:58
[DLManager] INFO:  - Downloaded: 130.43 MiB, Written: 1190.86 MiB
[DLManager] INFO:  - Cache usage: 56.00 MiB, active tasks: 32
[DLManager] INFO:  + Download	- 0.63 MiB/s (raw) / 1.00 MiB/s (decompressed)
[DLManager] INFO:  + Disk	- 0.00 MiB/s (write) / 0.00 MiB/s (read)
[DLManager] INFO: = Progress: 55.62% (3580/6437), Running for 00:02:29, ETA: 00:01:59
[DLManager] INFO:  - Downloaded: 131.32 MiB, Written: 1190.86 MiB
[DLManager] INFO:  - Cache usage: 57.00 MiB, active tasks: 32
[DLManager] INFO:  + Download	- 0.90 MiB/s (raw) / 1.00 MiB/s (decompressed)
[DLManager] INFO:  + Disk	- 0.00 MiB/s (write) / 0.00 MiB/s (read)
[DLManager] INFO: = Progress: 58.29% (3752/6437), Running for 00:02:30, ETA: 00:01:47
[DLManager] INFO:  - Downloaded: 133.13 MiB, Written: 1196.47 MiB
[DLManager] INFO:  - Cache usage: 57.00 MiB, active tasks: 32
[DLManager] INFO:  + Download	- 1.80 MiB/s (raw) / 2.00 MiB/s (decompressed)
[DLManager] INFO:  + Disk	- 5.61 MiB/s (write) / 4.72 MiB/s (read)
[DLManager] INFO: = Progress: 62.00% (3991/6437), Running for 00:02:31, ETA: 00:01:32
[DLManager] INFO:  - Downloaded: 134.36 MiB, Written: 1204.33 MiB
[DLManager] INFO:  - Cache usage: 54.00 MiB, active tasks: 32
[DLManager] INFO:  + Download	- 1.23 MiB/s (raw) / 2.00 MiB/s (decompressed)
[DLManager] INFO:  + Disk	- 7.85 MiB/s (write) / 6.63 MiB/s (read)
[DLManager] INFO: = Progress: 62.00% (3991/6437), Running for 00:02:32, ETA: 00:01:33
[DLManager] INFO:  - Downloaded: 134.87 MiB, Written: 1204.33 MiB
[DLManager] INFO:  - Cache usage: 55.00 MiB, active tasks: 32
[DLManager] INFO:  + Download	- 0.51 MiB/s (raw) / 1.00 MiB/s (decompressed)
[DLManager] INFO:  + Disk	- 0.00 MiB/s (write) / 0.00 MiB/s (read)
[DLManager] INFO: = Progress: 62.00% (3991/6437), Running for 00:02:33, ETA: 00:01:33
[DLManager] INFO:  - Downloaded: 136.42 MiB, Written: 1204.33 MiB
[DLManager] INFO:  - Cache usage: 57.00 MiB, active tasks: 32
[DLManager] INFO:  + Download	- 1.55 MiB/s (raw) / 2.00 MiB/s (decompressed)
[DLManager] INFO:  + Disk	- 0.00 MiB/s (write) / 0.00 MiB/s (read)
[DLManager] INFO: = Progress: 62.00% (3991/6437), Running for 00:02:34, ETA: 00:01:34
[DLManager] INFO:  - Downloaded: 136.42 MiB, Written: 1204.33 MiB
[DLManager] INFO:  - Cache usage: 57.00 MiB, active tasks: 32
[DLManager] INFO:  + Download	- 0.00 MiB/s (raw) / 0.00 MiB/s (decompressed)
[DLManager] INFO:  + Disk	- 0.00 MiB/s (write) / 0.00 MiB/s (read)
[DLManager] INFO: = Progress: 62.00% (3991/6437), Running for 00:02:35, ETA: 00:01:35
[DLManager] INFO:  - Downloaded: 136.42 MiB, Written: 1204.33 MiB
[DLManager] INFO:  - Cache usage: 57.00 MiB, active tasks: 32
[DLManager] INFO:  + Download	- 0.00 MiB/s (raw) / 0.00 MiB/s (decompressed)
[DLManager] INFO:  + Disk	- 0.00 MiB/s (write) / 0.00 MiB/s (read)
[DLManager] INFO: = Progress: 62.00% (3991/6437), Running for 00:02:36, ETA: 00:01:35
[DLManager] INFO:  - Downloaded: 136.42 MiB, Written: 1204.33 MiB
[DLManager] INFO:  - Cache usage: 57.00 MiB, active tasks: 32
[DLManager] INFO:  + Download	- 0.00 MiB/s (raw) / 0.00 MiB/s (decompressed)
[DLManager] INFO:  + Disk	- 0.00 MiB/s (write) / 0.00 MiB/s (read)
[DLManager] INFO: = Progress: 62.00% (3991/6437), Running for 00:02:37, ETA: 00:01:36
[DLManager] INFO:  - Downloaded: 138.19 MiB, Written: 1204.33 MiB
[DLManager] INFO:  - Cache usage: 59.00 MiB, active tasks: 32
[DLManager] INFO:  + Download	- 1.76 MiB/s (raw) / 2.00 MiB/s (decompressed)
[DLManager] INFO:  + Disk	- 0.00 MiB/s (write) / 0.00 MiB/s (read)
[DLManager] INFO: = Progress: 62.00% (3991/6437), Running for 00:02:38, ETA: 00:01:36
[DLManager] INFO:  - Downloaded: 140.04 MiB, Written: 1204.33 MiB
[DLManager] INFO:  - Cache usage: 61.00 MiB, active tasks: 32
[DLManager] INFO:  + Download	- 1.85 MiB/s (raw) / 2.00 MiB/s (decompressed)
[DLManager] INFO:  + Disk	- 0.00 MiB/s (write) / 0.00 MiB/s (read)
[DLManager] INFO: = Progress: 62.00% (3991/6437), Running for 00:02:39, ETA: 00:01:37
[DLManager] INFO:  - Downloaded: 141.52 MiB, Written: 1204.33 MiB
[DLManager] INFO:  - Cache usage: 63.00 MiB, active tasks: 32
[DLManager] INFO:  + Download	- 1.48 MiB/s (raw) / 2.00 MiB/s (decompressed)
[DLManager] INFO:  + Disk	- 0.00 MiB/s (write) / 0.00 MiB/s (read)
[DLManager] INFO: = Progress: 62.00% (3991/6437), Running for 00:02:40, ETA: 00:01:38
[DLManager] INFO:  - Downloaded: 143.07 MiB, Written: 1204.33 MiB
[DLManager] INFO:  - Cache usage: 65.00 MiB, active tasks: 32
[DLManager] INFO:  + Download	- 1.55 MiB/s (raw) / 2.00 MiB/s (decompressed)
[DLManager] INFO:  + Disk	- 0.00 MiB/s (write) / 0.00 MiB/s (read)
[FileWorker] WARNING: Writer queue empty!
[DLManager] INFO: = Progress: 62.00% (3991/6437), Running for 00:02:41, ETA: 00:01:38
[DLManager] INFO:  - Downloaded: 143.07 MiB, Written: 1204.33 MiB
[DLManager] INFO:  - Cache usage: 65.00 MiB, active tasks: 32
[DLManager] INFO:  + Download	- 0.00 MiB/s (raw) / 0.00 MiB/s (decompressed)
[DLManager] INFO:  + Disk	- 0.00 MiB/s (write) / 0.00 MiB/s (read)
[DLManager] INFO: = Progress: 62.00% (3991/6437), Running for 00:02:42, ETA: 00:01:39
[DLManager] INFO:  - Downloaded: 145.46 MiB, Written: 1204.33 MiB
[DLManager] INFO:  - Cache usage: 68.00 MiB, active tasks: 32
[DLManager] INFO:  + Download	- 2.38 MiB/s (raw) / 3.00 MiB/s (decompressed)
[DLManager] INFO:  + Disk	- 0.00 MiB/s (write) / 0.00 MiB/s (read)
[DLManager] INFO: = Progress: 68.68% (4421/6437), Running for 00:02:43, ETA: 00:01:14
[DLManager] INFO:  - Downloaded: 147.02 MiB, Written: 1221.64 MiB
[DLManager] INFO:  - Cache usage: 61.00 MiB, active tasks: 32
[DLManager] INFO:  + Download	- 1.56 MiB/s (raw) / 2.00 MiB/s (decompressed)
[DLManager] INFO:  + Disk	- 17.30 MiB/s (write) / 14.95 MiB/s (read)
[DLManager] INFO: = Progress: 68.68% (4421/6437), Running for 00:02:44, ETA: 00:01:14
[DLManager] INFO:  - Downloaded: 147.02 MiB, Written: 1221.64 MiB
[DLManager] INFO:  - Cache usage: 61.00 MiB, active tasks: 32
[DLManager] INFO:  + Download	- 0.00 MiB/s (raw) / 0.00 MiB/s (decompressed)
[DLManager] INFO:  + Disk	- 0.00 MiB/s (write) / 0.00 MiB/s (read)
[DLManager] INFO: = Progress: 68.68% (4421/6437), Running for 00:02:45, ETA: 00:01:15
[DLManager] INFO:  - Downloaded: 147.02 MiB, Written: 1221.64 MiB
[DLManager] INFO:  - Cache usage: 61.00 MiB, active tasks: 32
[DLManager] INFO:  + Download	- 0.00 MiB/s (raw) / 0.00 MiB/s (decompressed)
[DLManager] INFO:  + Disk	- 0.00 MiB/s (write) / 0.00 MiB/s (read)
[DLManager] INFO: = Progress: 68.68% (4421/6437), Running for 00:02:46, ETA: 00:01:15
[DLManager] INFO:  - Downloaded: 147.02 MiB, Written: 1221.64 MiB
[DLManager] INFO:  - Cache usage: 61.00 MiB, active tasks: 32
[DLManager] INFO:  + Download	- 0.00 MiB/s (raw) / 0.00 MiB/s (decompressed)
[DLManager] INFO:  + Disk	- 0.00 MiB/s (write) / 0.00 MiB/s (read)
[DLManager] INFO: = Progress: 68.68% (4421/6437), Running for 00:02:47, ETA: 00:01:16
[DLManager] INFO:  - Downloaded: 149.70 MiB, Written: 1221.64 MiB
[DLManager] INFO:  - Cache usage: 64.00 MiB, active tasks: 32
[DLManager] INFO:  + Download	- 2.67 MiB/s (raw) / 3.00 MiB/s (decompressed)
[DLManager] INFO:  + Disk	- 0.00 MiB/s (write) / 0.00 MiB/s (read)
[DLManager] INFO: = Progress: 77.47% (4987/6437), Running for 00:02:48, ETA: 00:00:48
[DLManager] INFO:  - Downloaded: 152.13 MiB, Written: 1249.21 MiB
[DLManager] INFO:  - Cache usage: 53.00 MiB, active tasks: 32
[DLManager] INFO:  + Download	- 2.44 MiB/s (raw) / 3.00 MiB/s (decompressed)
[DLManager] INFO:  + Disk	- 27.55 MiB/s (write) / 24.66 MiB/s (read)
[DLManager] INFO: = Progress: 77.47% (4987/6437), Running for 00:02:49, ETA: 00:00:49
[DLManager] INFO:  - Downloaded: 152.13 MiB, Written: 1249.21 MiB
[DLManager] INFO:  - Cache usage: 53.00 MiB, active tasks: 32
[DLManager] INFO:  + Download	- 0.00 MiB/s (raw) / 0.00 MiB/s (decompressed)
[DLManager] INFO:  + Disk	- 0.00 MiB/s (write) / 0.00 MiB/s (read)
[DLManager] INFO: = Progress: 77.47% (4987/6437), Running for 00:02:50, ETA: 00:00:49
[DLManager] INFO:  - Downloaded: 152.13 MiB, Written: 1249.21 MiB
[DLManager] INFO:  - Cache usage: 53.00 MiB, active tasks: 32
[DLManager] INFO:  + Download	- 0.00 MiB/s (raw) / 0.00 MiB/s (decompressed)
[DLManager] INFO:  + Disk	- 0.00 MiB/s (write) / 0.00 MiB/s (read)
[DLManager] INFO: = Progress: 77.47% (4987/6437), Running for 00:02:51, ETA: 00:00:49
[DLManager] INFO:  - Downloaded: 153.13 MiB, Written: 1249.21 MiB
[DLManager] INFO:  - Cache usage: 54.00 MiB, active tasks: 32
[DLManager] INFO:  + Download	- 0.99 MiB/s (raw) / 1.00 MiB/s (decompressed)
[DLManager] INFO:  + Disk	- 0.00 MiB/s (write) / 0.00 MiB/s (read)
[DLManager] INFO: = Progress: 77.47% (4987/6437), Running for 00:02:52, ETA: 00:00:50
[DLManager] INFO:  - Downloaded: 155.50 MiB, Written: 1249.21 MiB
[DLManager] INFO:  - Cache usage: 57.00 MiB, active tasks: 32
[DLManager] INFO:  + Download	- 2.37 MiB/s (raw) / 3.00 MiB/s (decompressed)
[DLManager] INFO:  + Disk	- 0.00 MiB/s (write) / 0.00 MiB/s (read)
[DLManager] INFO: = Progress: 77.47% (4987/6437), Running for 00:02:53, ETA: 00:00:50
[DLManager] INFO:  - Downloaded: 156.02 MiB, Written: 1249.21 MiB
[DLManager] INFO:  - Cache usage: 58.00 MiB, active tasks: 32
[DLManager] INFO:  + Download	- 0.52 MiB/s (raw) / 1.00 MiB/s (decompressed)
[DLManager] INFO:  + Disk	- 0.00 MiB/s (write) / 0.00 MiB/s (read)
[DLManager] INFO: = Progress: 77.47% (4987/6437), Running for 00:02:54, ETA: 00:00:50
[DLManager] INFO:  - Downloaded: 157.01 MiB, Written: 1249.21 MiB
[DLManager] INFO:  - Cache usage: 58.00 MiB, active tasks: 31
[DLManager] INFO:  + Download	- 0.99 MiB/s (raw) / 1.00 MiB/s (decompressed)
[DLManager] INFO:  + Disk	- 0.00 MiB/s (write) / 0.00 MiB/s (read)
[DLManager] INFO: = Progress: 77.47% (4987/6437), Running for 00:02:55, ETA: 00:00:50
[DLManager] INFO:  - Downloaded: 157.53 MiB, Written: 1249.21 MiB
[DLManager] INFO:  - Cache usage: 58.00 MiB, active tasks: 30
[DLManager] INFO:  + Download	- 0.51 MiB/s (raw) / 1.00 MiB/s (decompressed)
[DLManager] INFO:  + Disk	- 0.00 MiB/s (write) / 0.00 MiB/s (read)
[DLManager] INFO: = Progress: 77.47% (4987/6437), Running for 00:02:56, ETA: 00:00:51
[DLManager] INFO:  - Downloaded: 158.47 MiB, Written: 1249.21 MiB
[DLManager] INFO:  - Cache usage: 58.00 MiB, active tasks: 29
[DLManager] INFO:  + Download	- 0.94 MiB/s (raw) / 1.00 MiB/s (decompressed)
[DLManager] INFO:  + Disk	- 0.00 MiB/s (write) / 0.00 MiB/s (read)
[DLManager] INFO: = Progress: 77.47% (4987/6437), Running for 00:02:57, ETA: 00:00:51
[DLManager] INFO:  - Downloaded: 158.47 MiB, Written: 1249.21 MiB
[DLManager] INFO:  - Cache usage: 58.00 MiB, active tasks: 29
[DLManager] INFO:  + Download	- 0.00 MiB/s (raw) / 0.00 MiB/s (decompressed)
[DLManager] INFO:  + Disk	- 0.00 MiB/s (write) / 0.00 MiB/s (read)
[FileWorker] WARNING: Writer queue empty!
[DLManager] INFO: = Progress: 77.47% (4987/6437), Running for 00:02:58, ETA: 00:00:51
[DLManager] INFO:  - Downloaded: 158.47 MiB, Written: 1249.21 MiB
[DLManager] INFO:  - Cache usage: 58.00 MiB, active tasks: 29
[DLManager] INFO:  + Download	- 0.00 MiB/s (raw) / 0.00 MiB/s (decompressed)
[DLManager] INFO:  + Disk	- 0.00 MiB/s (write) / 0.00 MiB/s (read)
[DLManager] INFO: = Progress: 77.47% (4987/6437), Running for 00:02:59, ETA: 00:00:52
[DLManager] INFO:  - Downloaded: 159.47 MiB, Written: 1249.21 MiB
[DLManager] INFO:  - Cache usage: 58.00 MiB, active tasks: 28
[DLManager] INFO:  + Download	- 1.00 MiB/s (raw) / 1.00 MiB/s (decompressed)
[DLManager] INFO:  + Disk	- 0.00 MiB/s (write) / 0.00 MiB/s (read)
[DLManager] INFO: = Progress: 85.61% (5511/6437), Running for 00:03:00, ETA: 00:00:30
[DLManager] INFO:  - Downloaded: 161.86 MiB, Written: 1357.29 MiB
[DLManager] INFO:  - Cache usage: 37.00 MiB, active tasks: 25
[DLManager] INFO:  + Download	- 2.39 MiB/s (raw) / 3.00 MiB/s (decompressed)
[DLManager] INFO:  + Disk	- 107.92 MiB/s (write) / 100.37 MiB/s (read)
[DLManager] INFO: = Progress: 85.61% (5511/6437), Running for 00:03:01, ETA: 00:00:30
[DLManager] INFO:  - Downloaded: 164.67 MiB, Written: 1357.29 MiB
[DLManager] INFO:  - Cache usage: 37.00 MiB, active tasks: 22
[DLManager] INFO:  + Download	- 2.80 MiB/s (raw) / 3.00 MiB/s (decompressed)
[DLManager] INFO:  + Disk	- 0.00 MiB/s (write) / 0.00 MiB/s (read)
[DLManager] INFO: = Progress: 85.61% (5511/6437), Running for 00:03:02, ETA: 00:00:30
[DLManager] INFO:  - Downloaded: 164.67 MiB, Written: 1357.29 MiB
[DLManager] INFO:  - Cache usage: 37.00 MiB, active tasks: 22
[DLManager] INFO:  + Download	- 0.00 MiB/s (raw) / 0.00 MiB/s (decompressed)
[DLManager] INFO:  + Disk	- 0.00 MiB/s (write) / 0.00 MiB/s (read)
[DLManager] INFO: = Progress: 85.61% (5511/6437), Running for 00:03:03, ETA: 00:00:30
[DLManager] INFO:  - Downloaded: 164.67 MiB, Written: 1357.29 MiB
[DLManager] INFO:  - Cache usage: 37.00 MiB, active tasks: 22
[DLManager] INFO:  + Download	- 0.00 MiB/s (raw) / 0.00 MiB/s (decompressed)
[DLManager] INFO:  + Disk	- 0.00 MiB/s (write) / 0.00 MiB/s (read)
[DLManager] INFO: = Progress: 85.61% (5511/6437), Running for 00:03:04, ETA: 00:00:30
[DLManager] INFO:  - Downloaded: 166.66 MiB, Written: 1357.29 MiB
[DLManager] INFO:  - Cache usage: 37.00 MiB, active tasks: 20
[DLManager] INFO:  + Download	- 1.99 MiB/s (raw) / 2.00 MiB/s (decompressed)
[DLManager] INFO:  + Disk	- 0.00 MiB/s (write) / 0.00 MiB/s (read)
[DLManager] INFO: = Progress: 85.61% (5511/6437), Running for 00:03:05, ETA: 00:00:31
[DLManager] INFO:  - Downloaded: 166.66 MiB, Written: 1357.29 MiB
[DLManager] INFO:  - Cache usage: 37.00 MiB, active tasks: 20
[DLManager] INFO:  + Download	- 0.00 MiB/s (raw) / 0.00 MiB/s (decompressed)
[DLManager] INFO:  + Disk	- 0.00 MiB/s (write) / 0.00 MiB/s (read)
[DLManager] INFO: = Progress: 85.61% (5511/6437), Running for 00:03:06, ETA: 00:00:31
[DLManager] INFO:  - Downloaded: 167.66 MiB, Written: 1357.29 MiB
[DLManager] INFO:  - Cache usage: 37.00 MiB, active tasks: 19
[DLManager] INFO:  + Download	- 1.00 MiB/s (raw) / 1.00 MiB/s (decompressed)
[DLManager] INFO:  + Disk	- 0.00 MiB/s (write) / 0.00 MiB/s (read)
[DLManager] INFO: = Progress: 85.61% (5511/6437), Running for 00:03:07, ETA: 00:00:31
[DLManager] INFO:  - Downloaded: 168.66 MiB, Written: 1357.29 MiB
[DLManager] INFO:  - Cache usage: 37.00 MiB, active tasks: 18
[DLManager] INFO:  + Download	- 0.99 MiB/s (raw) / 1.00 MiB/s (decompressed)
[DLManager] INFO:  + Disk	- 0.00 MiB/s (write) / 0.00 MiB/s (read)
[DLManager] INFO: = Progress: 85.61% (5511/6437), Running for 00:03:08, ETA: 00:00:31
[DLManager] INFO:  - Downloaded: 168.66 MiB, Written: 1357.29 MiB
[DLManager] INFO:  - Cache usage: 37.00 MiB, active tasks: 18
[DLManager] INFO:  + Download	- 0.00 MiB/s (raw) / 0.00 MiB/s (decompressed)
[DLManager] INFO:  + Disk	- 0.00 MiB/s (write) / 0.00 MiB/s (read)
[DLManager] INFO: = Progress: 85.61% (5511/6437), Running for 00:03:09, ETA: 00:00:31
[DLManager] INFO:  - Downloaded: 169.65 MiB, Written: 1357.29 MiB
[DLManager] INFO:  - Cache usage: 37.00 MiB, active tasks: 17
[DLManager] INFO:  + Download	- 1.00 MiB/s (raw) / 1.00 MiB/s (decompressed)
[DLManager] INFO:  + Disk	- 0.00 MiB/s (write) / 0.00 MiB/s (read)
[FileWorker] WARNING: Writer queue empty!
[DLManager] INFO: = Progress: 85.61% (5511/6437), Running for 00:03:10, ETA: 00:00:31
[DLManager] INFO:  - Downloaded: 169.65 MiB, Written: 1357.29 MiB
[DLManager] INFO:  - Cache usage: 37.00 MiB, active tasks: 17
[DLManager] INFO:  + Download	- 0.00 MiB/s (raw) / 0.00 MiB/s (decompressed)
[DLManager] INFO:  + Disk	- 0.00 MiB/s (write) / 0.00 MiB/s (read)
[DLManager] INFO: = Progress: 85.61% (5511/6437), Running for 00:03:11, ETA: 00:00:32
[DLManager] INFO:  - Downloaded: 171.65 MiB, Written: 1357.29 MiB
[DLManager] INFO:  - Cache usage: 37.00 MiB, active tasks: 15
[DLManager] INFO:  + Download	- 1.99 MiB/s (raw) / 2.00 MiB/s (decompressed)
[DLManager] INFO:  + Disk	- 0.00 MiB/s (write) / 0.00 MiB/s (read)
[DLManager] INFO: = Progress: 85.61% (5511/6437), Running for 00:03:12, ETA: 00:00:32
[DLManager] INFO:  - Downloaded: 176.64 MiB, Written: 1357.29 MiB
[DLManager] INFO:  - Cache usage: 37.00 MiB, active tasks: 9
[DLManager] INFO:  + Download	- 4.99 MiB/s (raw) / 5.99 MiB/s (decompressed)
[DLManager] INFO:  + Disk	- 0.00 MiB/s (write) / 0.00 MiB/s (read)
[DLManager] INFO: = Progress: 86.64% (5577/6437), Running for 00:03:13, ETA: 00:00:29
[DLManager] INFO:  - Downloaded: 176.64 MiB, Written: 1382.56 MiB
[DLManager] INFO:  - Cache usage: 26.00 MiB, active tasks: 9
[DLManager] INFO:  + Download	- 0.00 MiB/s (raw) / 0.00 MiB/s (decompressed)
[DLManager] INFO:  + Disk	- 25.26 MiB/s (write) / 15.27 MiB/s (read)
[DLManager] INFO: = Progress: 86.64% (5577/6437), Running for 00:03:14, ETA: 00:00:29
[DLManager] INFO:  - Downloaded: 178.26 MiB, Written: 1382.56 MiB
[DLManager] INFO:  - Cache usage: 26.00 MiB, active tasks: 7
[DLManager] INFO:  + Download	- 1.62 MiB/s (raw) / 2.00 MiB/s (decompressed)
[DLManager] INFO:  + Disk	- 0.00 MiB/s (write) / 0.00 MiB/s (read)
[DLManager] INFO: = Progress: 86.64% (5577/6437), Running for 00:03:15, ETA: 00:00:30
[DLManager] INFO:  - Downloaded: 179.09 MiB, Written: 1382.56 MiB
[DLManager] INFO:  - Cache usage: 26.00 MiB, active tasks: 6
[DLManager] INFO:  + Download	- 0.83 MiB/s (raw) / 1.00 MiB/s (decompressed)
[DLManager] INFO:  + Disk	- 0.00 MiB/s (write) / 0.00 MiB/s (read)
[DLManager] INFO: = Progress: 86.64% (5577/6437), Running for 00:03:16, ETA: 00:00:30
[DLManager] INFO:  - Downloaded: 179.96 MiB, Written: 1382.56 MiB
[DLManager] INFO:  - Cache usage: 26.00 MiB, active tasks: 5
[DLManager] INFO:  + Download	- 0.87 MiB/s (raw) / 1.00 MiB/s (decompressed)
[DLManager] INFO:  + Disk	- 0.00 MiB/s (write) / 0.00 MiB/s (read)
[DLManager] INFO: = Progress: 86.64% (5577/6437), Running for 00:03:17, ETA: 00:00:30
[DLManager] INFO:  - Downloaded: 182.68 MiB, Written: 1382.56 MiB
[DLManager] INFO:  - Cache usage: 26.00 MiB, active tasks: 2
[DLManager] INFO:  + Download	- 2.72 MiB/s (raw) / 2.99 MiB/s (decompressed)
[DLManager] INFO:  + Disk	- 0.00 MiB/s (write) / 0.00 MiB/s (read)
[DLManager] INFO: = Progress: 86.64% (5577/6437), Running for 00:03:18, ETA: 00:00:30
[DLManager] INFO:  - Downloaded: 182.68 MiB, Written: 1382.56 MiB
[DLManager] INFO:  - Cache usage: 26.00 MiB, active tasks: 2
[DLManager] INFO:  + Download	- 0.00 MiB/s (raw) / 0.00 MiB/s (decompressed)
[DLManager] INFO:  + Disk	- 0.00 MiB/s (write) / 0.00 MiB/s (read)
[DLManager] INFO: = Progress: 86.64% (5577/6437), Running for 00:03:19, ETA: 00:00:30
[DLManager] INFO:  - Downloaded: 183.49 MiB, Written: 1382.56 MiB
[DLManager] INFO:  - Cache usage: 26.00 MiB, active tasks: 1
[DLManager] INFO:  + Download	- 0.81 MiB/s (raw) / 1.00 MiB/s (decompressed)
[DLManager] INFO:  + Disk	- 0.00 MiB/s (write) / 0.00 MiB/s (read)
[DLManager] INFO: = Progress: 86.64% (5577/6437), Running for 00:03:20, ETA: 00:00:30
[DLManager] INFO:  - Downloaded: 183.49 MiB, Written: 1382.56 MiB
[DLManager] INFO:  - Cache usage: 26.00 MiB, active tasks: 1
[DLManager] INFO:  + Download	- 0.00 MiB/s (raw) / 0.00 MiB/s (decompressed)
[DLManager] INFO:  + Disk	- 0.00 MiB/s (write) / 0.00 MiB/s (read)
[DLManager] INFO: = Progress: 86.64% (5577/6437), Running for 00:03:21, ETA: 00:00:31
[DLManager] INFO:  - Downloaded: 183.49 MiB, Written: 1382.56 MiB
[DLManager] INFO:  - Cache usage: 26.00 MiB, active tasks: 1
[DLManager] INFO:  + Download	- 0.00 MiB/s (raw) / 0.00 MiB/s (decompressed)
[DLManager] INFO:  + Disk	- 0.00 MiB/s (write) / 0.00 MiB/s (read)
[DLManager] INFO: = Progress: 86.64% (5577/6437), Running for 00:03:22, ETA: 00:00:31
[DLManager] INFO:  - Downloaded: 183.49 MiB, Written: 1382.56 MiB
[DLManager] INFO:  - Cache usage: 26.00 MiB, active tasks: 1
[DLManager] INFO:  + Download	- 0.00 MiB/s (raw) / 0.00 MiB/s (decompressed)
[DLManager] INFO:  + Disk	- 0.00 MiB/s (write) / 0.00 MiB/s (read)
[FileWorker] WARNING: Writer queue empty!
[DLManager] INFO: = Progress: 86.64% (5577/6437), Running for 00:03:23, ETA: 00:00:31
[DLManager] INFO:  - Downloaded: 183.49 MiB, Written: 1382.56 MiB
[DLManager] INFO:  - Cache usage: 26.00 MiB, active tasks: 1
[DLManager] INFO:  + Download	- 0.00 MiB/s (raw) / 0.00 MiB/s (decompressed)
[DLManager] INFO:  + Disk	- 0.00 MiB/s (write) / 0.00 MiB/s (read)
[DLManager] INFO: = Progress: 86.64% (5577/6437), Running for 00:03:24, ETA: 00:00:31
[DLManager] INFO:  - Downloaded: 183.49 MiB, Written: 1382.56 MiB
[DLManager] INFO:  - Cache usage: 26.00 MiB, active tasks: 1
[DLManager] INFO:  + Download	- 0.00 MiB/s (raw) / 0.00 MiB/s (decompressed)
[DLManager] INFO:  + Disk	- 0.00 MiB/s (write) / 0.00 MiB/s (read)
[DLManager] INFO: = Progress: 86.64% (5577/6437), Running for 00:03:25, ETA: 00:00:31
[DLManager] INFO:  - Downloaded: 183.49 MiB, Written: 1382.56 MiB
[DLManager] INFO:  - Cache usage: 26.00 MiB, active tasks: 1
[DLManager] INFO:  + Download	- 0.00 MiB/s (raw) / 0.00 MiB/s (decompressed)
[DLManager] INFO:  + Disk	- 0.00 MiB/s (write) / 0.00 MiB/s (read)
[DLManager] INFO: = Progress: 86.64% (5577/6437), Running for 00:03:26, ETA: 00:00:31
[DLManager] INFO:  - Downloaded: 183.49 MiB, Written: 1382.56 MiB
[DLManager] INFO:  - Cache usage: 26.00 MiB, active tasks: 1
[DLManager] INFO:  + Download	- 0.00 MiB/s (raw) / 0.00 MiB/s (decompressed)
[DLManager] INFO:  + Disk	- 0.00 MiB/s (write) / 0.00 MiB/s (read)
[DLManager] INFO: = Progress: 100.00% (6437/6437), Running for 00:03:27, ETA: 00:00:00
[DLManager] INFO:  - Downloaded: 184.49 MiB, Written: 1594.01 MiB
[DLManager] INFO:  - Cache usage: 0.00 MiB, active tasks: 0
[DLManager] INFO:  + Download	- 0.99 MiB/s (raw) / 1.00 MiB/s (decompressed)
[DLManager] INFO:  + Disk	- 211.07 MiB/s (write) / 193.99 MiB/s (read)
[DLManager] INFO: Waiting for installation to finish...
[DLManager] INFO: All done! Download manager quitting...
[cli] INFO: Finished installation process in 208.42 seconds.

This game may require additional setup, see: https://github.com/CommandMC/EpicLinux/wiki/Rocket-League:-BakkesMod


Legendary update available!
- New version: 0.20.31 - "Dark Energy (hotfix #5)"
- Release summary:
 [!] Fixed cloud-syncing accidentally deleting game or save data in some cases
 [*] Updated API URL for Uplay activiation
See full changelog for additional details.
- Release URL: https://legendary.gl/release/0.20.31
! This update is recommended as it fixes major issues.

- Download URL: https://legendary.gl/release/download/0.20.31/legendary
